This file contains any messages produced by compilers while
running configure, to aid debugging if configure makes a mistake.

It was created by Easel configure 0.1.snap20080611, which was
generated by GNU Autoconf 2.63.  Invocation command line was

  $ ./configure 

## --------- ##
## Platform. ##
## --------- ##

hostname = brownlabserver1.otago.ac.nz
uname -m = x86_64
uname -r = 3.10.0-693.5.2.el7.x86_64
uname -s = Linux
uname -v = #1 SMP Fri Oct 13 10:46:25 EDT 2017

/usr/bin/uname -p = x86_64
/bin/uname -X     = unknown

/bin/arch              = x86_64
/usr/bin/arch -k       = unknown
/usr/convex/getsysinfo = unknown
/usr/bin/hostinfo      = unknown
/bin/machine           = unknown
/usr/bin/oslevel       = unknown
/bin/universe          = unknown

PATH: ./
PATH: /usr/local/bin
PATH: /usr/bin
PATH: /root/bin
PATH: /usr/local/bin/anaconda2/bin
PATH: /usr/local/bin/bin
PATH: /sbin
PATH: /bin
PATH: /usr/sbin
PATH: /usr/bin
PATH: /root/.cabal/bin


## ----------- ##
## Core tests. ##
## ----------- ##

configure:1836: Configuring the Easel library for your system.
configure:1927: checking build system type
configure:1945: result: x86_64-unknown-linux-gnu
configure:1967: checking host system type
configure:1982: result: x86_64-unknown-linux-gnu
configure:2025: Compiling the full Easel library, with all augmentations.
configure:2214: checking for gcc
configure:2230: found /usr/local/bin/gcc
configure:2241: result: gcc
configure:2473: checking for C compiler version
configure:2481: gcc --version >&5
gcc (GCC) 4.8.5 20150623 (Red Hat 4.8.5-16)
Copyright (C) 2015 Free Software Foundation, Inc.
This is free software; see the source for copying conditions.  There is NO
warranty; not even for MERCHANTABILITY or FITNESS FOR A PARTICULAR PURPOSE.

configure:2485: $? = 0
configure:2492: gcc -v >&5
Using built-in specs.
COLLECT_GCC=gcc
COLLECT_LTO_WRAPPER=/usr/libexec/gcc/x86_64-redhat-linux/4.8.5/lto-wrapper
Target: x86_64-redhat-linux
Configured with: ../configure --prefix=/usr --mandir=/usr/share/man --infodir=/usr/share/info --with-bugurl=http://bugzilla.redhat.com/bugzilla --enable-bootstrap --enable-shared --enable-threads=posix --enable-checking=release --with-system-zlib --enable-__cxa_atexit --disable-libunwind-exceptions --enable-gnu-unique-object --enable-linker-build-id --with-linker-hash-style=gnu --enable-languages=c,c++,objc,obj-c++,java,fortran,ada,go,lto --enable-plugin --enable-initfini-array --disable-libgcj --with-isl=/builddir/build/BUILD/gcc-4.8.5-20150702/obj-x86_64-redhat-linux/isl-install --with-cloog=/builddir/build/BUILD/gcc-4.8.5-20150702/obj-x86_64-redhat-linux/cloog-install --enable-gnu-indirect-function --with-tune=generic --with-arch_32=x86-64 --build=x86_64-redhat-linux
Thread model: posix
gcc version 4.8.5 20150623 (Red Hat 4.8.5-16) (GCC) 
configure:2496: $? = 0
configure:2503: gcc -V >&5
gcc: error: unrecognized command line option '-V'
gcc: fatal error: no input files
compilation terminated.
configure:2507: $? = 4
configure:2530: checking for C compiler default output file name
configure:2552: gcc    conftest.c  >&5
configure:2556: $? = 0
configure:2594: result: a.out
configure:2613: checking whether the C compiler works
configure:2623: ./a.out
configure:2627: $? = 0
configure:2646: result: yes
configure:2653: checking whether we are cross compiling
configure:2655: result: no
configure:2658: checking for suffix of executables
configure:2665: gcc -o conftest    conftest.c  >&5
configure:2669: $? = 0
configure:2695: result: 
configure:2701: checking for suffix of object files
configure:2727: gcc -c   conftest.c >&5
configure:2731: $? = 0
configure:2756: result: o
configure:2760: checking whether we are using the GNU C compiler
configure:2789: gcc -c   conftest.c >&5
configure:2796: $? = 0
configure:2813: result: yes
configure:2822: checking whether gcc accepts -g
configure:2852: gcc -c -g  conftest.c >&5
configure:2859: $? = 0
configure:2960: result: yes
configure:2977: checking for gcc option to accept ISO C89
configure:3051: gcc  -c -g -O2  conftest.c >&5
configure:3058: $? = 0
configure:3081: result: none needed
configure:3104: checking how to run the C preprocessor
configure:3144: gcc -E  conftest.c
configure:3151: $? = 0
configure:3182: gcc -E  conftest.c
conftest.c:26:28: fatal error: ac_nonexistent.h: No such file or directory
 #include <ac_nonexistent.h>
                            ^
compilation terminated.
configure:3189: $? = 1
configure: failed program was:
| /* confdefs.h.  */
| #define PACKAGE_NAME "Easel"
| #define PACKAGE_TARNAME "easel"
| #define PACKAGE_VERSION "0.1.snap20080611"
| #define PACKAGE_STRING "Easel 0.1.snap20080611"
| #define PACKAGE_BUGREPORT "eddys@janelia.hhmi.org"
| #define EASEL_DATE "June 2008"
| #define EASEL_COPYRIGHT "Copyright (C) 2008 Howard Hughes Medical Institute"
| #define EASEL_LICENSE "Freely distributed under the Janelia Farm Software License."
| #define EASEL_VERSION "0.1.snap20080611"
| #define eslAUGMENT_ALPHABET 1
| #define eslAUGMENT_DMATRIX 1
| #define eslAUGMENT_FILEPARSER 1
| #define eslAUGMENT_GEV 1
| #define eslAUGMENT_GUMBEL 1
| #define eslAUGMENT_HISTOGRAM 1
| #define eslAUGMENT_KEYHASH 1
| #define eslAUGMENT_MINIMIZER 1
| #define eslAUGMENT_MSA 1
| #define eslAUGMENT_RANDOM 1
| #define eslAUGMENT_SSI 1
| #define eslAUGMENT_STATS 1
| #define eslLIBRARY 1
| #define eslDEBUGLEVEL 0
| /* end confdefs.h.  */
| #include <ac_nonexistent.h>
configure:3222: result: gcc -E
configure:3251: gcc -E  conftest.c
configure:3258: $? = 0
configure:3289: gcc -E  conftest.c
conftest.c:26:28: fatal error: ac_nonexistent.h: No such file or directory
 #include <ac_nonexistent.h>
                            ^
compilation terminated.
configure:3296: $? = 1
configure: failed program was:
| /* confdefs.h.  */
| #define PACKAGE_NAME "Easel"
| #define PACKAGE_TARNAME "easel"
| #define PACKAGE_VERSION "0.1.snap20080611"
| #define PACKAGE_STRING "Easel 0.1.snap20080611"
| #define PACKAGE_BUGREPORT "eddys@janelia.hhmi.org"
| #define EASEL_DATE "June 2008"
| #define EASEL_COPYRIGHT "Copyright (C) 2008 Howard Hughes Medical Institute"
| #define EASEL_LICENSE "Freely distributed under the Janelia Farm Software License."
| #define EASEL_VERSION "0.1.snap20080611"
| #define eslAUGMENT_ALPHABET 1
| #define eslAUGMENT_DMATRIX 1
| #define eslAUGMENT_FILEPARSER 1
| #define eslAUGMENT_GEV 1
| #define eslAUGMENT_GUMBEL 1
| #define eslAUGMENT_HISTOGRAM 1
| #define eslAUGMENT_KEYHASH 1
| #define eslAUGMENT_MINIMIZER 1
| #define eslAUGMENT_MSA 1
| #define eslAUGMENT_RANDOM 1
| #define eslAUGMENT_SSI 1
| #define eslAUGMENT_STATS 1
| #define eslLIBRARY 1
| #define eslDEBUGLEVEL 0
| /* end confdefs.h.  */
| #include <ac_nonexistent.h>
configure:3337: checking for C compiler vendor
configure:3371: gcc -c -g -O2  conftest.c >&5
conftest.c: In function 'main':
conftest.c:32:7: error: 'thisisanerror' undeclared (first use in this function)
       thisisanerror;
       ^
conftest.c:32:7: note: each undeclared identifier is reported only once for each function it appears in
configure:3378: $? = 1
configure: failed program was:
| /* confdefs.h.  */
| #define PACKAGE_NAME "Easel"
| #define PACKAGE_TARNAME "easel"
| #define PACKAGE_VERSION "0.1.snap20080611"
| #define PACKAGE_STRING "Easel 0.1.snap20080611"
| #define PACKAGE_BUGREPORT "eddys@janelia.hhmi.org"
| #define EASEL_DATE "June 2008"
| #define EASEL_COPYRIGHT "Copyright (C) 2008 Howard Hughes Medical Institute"
| #define EASEL_LICENSE "Freely distributed under the Janelia Farm Software License."
| #define EASEL_VERSION "0.1.snap20080611"
| #define eslAUGMENT_ALPHABET 1
| #define eslAUGMENT_DMATRIX 1
| #define eslAUGMENT_FILEPARSER 1
| #define eslAUGMENT_GEV 1
| #define eslAUGMENT_GUMBEL 1
| #define eslAUGMENT_HISTOGRAM 1
| #define eslAUGMENT_KEYHASH 1
| #define eslAUGMENT_MINIMIZER 1
| #define eslAUGMENT_MSA 1
| #define eslAUGMENT_RANDOM 1
| #define eslAUGMENT_SSI 1
| #define eslAUGMENT_STATS 1
| #define eslLIBRARY 1
| #define eslDEBUGLEVEL 0
| /* end confdefs.h.  */
| 
| int
| main ()
| {
| 
| #if !(defined(__ICC) || defined(__ECC) || defined(__INTEL_COMPILER))
|       thisisanerror;
| #endif
| 
|   ;
|   return 0;
| }
configure:3371: gcc -c -g -O2  conftest.c >&5
conftest.c: In function 'main':
conftest.c:32:7: error: 'thisisanerror' undeclared (first use in this function)
       thisisanerror;
       ^
conftest.c:32:7: note: each undeclared identifier is reported only once for each function it appears in
configure:3378: $? = 1
configure: failed program was:
| /* confdefs.h.  */
| #define PACKAGE_NAME "Easel"
| #define PACKAGE_TARNAME "easel"
| #define PACKAGE_VERSION "0.1.snap20080611"
| #define PACKAGE_STRING "Easel 0.1.snap20080611"
| #define PACKAGE_BUGREPORT "eddys@janelia.hhmi.org"
| #define EASEL_DATE "June 2008"
| #define EASEL_COPYRIGHT "Copyright (C) 2008 Howard Hughes Medical Institute"
| #define EASEL_LICENSE "Freely distributed under the Janelia Farm Software License."
| #define EASEL_VERSION "0.1.snap20080611"
| #define eslAUGMENT_ALPHABET 1
| #define eslAUGMENT_DMATRIX 1
| #define eslAUGMENT_FILEPARSER 1
| #define eslAUGMENT_GEV 1
| #define eslAUGMENT_GUMBEL 1
| #define eslAUGMENT_HISTOGRAM 1
| #define eslAUGMENT_KEYHASH 1
| #define eslAUGMENT_MINIMIZER 1
| #define eslAUGMENT_MSA 1
| #define eslAUGMENT_RANDOM 1
| #define eslAUGMENT_SSI 1
| #define eslAUGMENT_STATS 1
| #define eslLIBRARY 1
| #define eslDEBUGLEVEL 0
| /* end confdefs.h.  */
| 
| int
| main ()
| {
| 
| #if !(defined(__xlc__) || defined(__xlC__) || defined(__IBMC__) || defined(__IBMCPP__))
|       thisisanerror;
| #endif
| 
|   ;
|   return 0;
| }
configure:3371: gcc -c -g -O2  conftest.c >&5
conftest.c: In function 'main':
conftest.c:32:7: error: 'thisisanerror' undeclared (first use in this function)
       thisisanerror;
       ^
conftest.c:32:7: note: each undeclared identifier is reported only once for each function it appears in
configure:3378: $? = 1
configure: failed program was:
| /* confdefs.h.  */
| #define PACKAGE_NAME "Easel"
| #define PACKAGE_TARNAME "easel"
| #define PACKAGE_VERSION "0.1.snap20080611"
| #define PACKAGE_STRING "Easel 0.1.snap20080611"
| #define PACKAGE_BUGREPORT "eddys@janelia.hhmi.org"
| #define EASEL_DATE "June 2008"
| #define EASEL_COPYRIGHT "Copyright (C) 2008 Howard Hughes Medical Institute"
| #define EASEL_LICENSE "Freely distributed under the Janelia Farm Software License."
| #define EASEL_VERSION "0.1.snap20080611"
| #define eslAUGMENT_ALPHABET 1
| #define eslAUGMENT_DMATRIX 1
| #define eslAUGMENT_FILEPARSER 1
| #define eslAUGMENT_GEV 1
| #define eslAUGMENT_GUMBEL 1
| #define eslAUGMENT_HISTOGRAM 1
| #define eslAUGMENT_KEYHASH 1
| #define eslAUGMENT_MINIMIZER 1
| #define eslAUGMENT_MSA 1
| #define eslAUGMENT_RANDOM 1
| #define eslAUGMENT_SSI 1
| #define eslAUGMENT_STATS 1
| #define eslLIBRARY 1
| #define eslDEBUGLEVEL 0
| /* end confdefs.h.  */
| 
| int
| main ()
| {
| 
| #if !(defined(__PATHCC__) || defined(__PATHSCALE__))
|       thisisanerror;
| #endif
| 
|   ;
|   return 0;
| }
configure:3371: gcc -c -g -O2  conftest.c >&5
configure:3378: $? = 0
configure:3395: result: gnu
configure:3402: checking for gcc option to accept ISO C99
configure:3561: gcc  -c -g -O2  conftest.c >&5
conftest.c:76:29: error: expected ';', ',' or ')' before 'text'
 test_restrict (ccp restrict text)
                             ^
conftest.c: In function 'main':
conftest.c:130:18: error: expected '=', ',', ';', 'asm' or '__attribute__' before 'newvar'
   char *restrict newvar = "Another string";
                  ^
conftest.c:130:18: error: 'newvar' undeclared (first use in this function)
conftest.c:130:18: note: each undeclared identifier is reported only once for each function it appears in
conftest.c:140:3: error: 'for' loop initial declarations are only allowed in C99 mode
   for (int i = 0; i < ia->datasize; ++i)
   ^
conftest.c:140:3: note: use option -std=c99 or -std=gnu99 to compile your code
configure:3568: $? = 1
configure: failed program was:
| /* confdefs.h.  */
| #define PACKAGE_NAME "Easel"
| #define PACKAGE_TARNAME "easel"
| #define PACKAGE_VERSION "0.1.snap20080611"
| #define PACKAGE_STRING "Easel 0.1.snap20080611"
| #define PACKAGE_BUGREPORT "eddys@janelia.hhmi.org"
| #define EASEL_DATE "June 2008"
| #define EASEL_COPYRIGHT "Copyright (C) 2008 Howard Hughes Medical Institute"
| #define EASEL_LICENSE "Freely distributed under the Janelia Farm Software License."
| #define EASEL_VERSION "0.1.snap20080611"
| #define eslAUGMENT_ALPHABET 1
| #define eslAUGMENT_DMATRIX 1
| #define eslAUGMENT_FILEPARSER 1
| #define eslAUGMENT_GEV 1
| #define eslAUGMENT_GUMBEL 1
| #define eslAUGMENT_HISTOGRAM 1
| #define eslAUGMENT_KEYHASH 1
| #define eslAUGMENT_MINIMIZER 1
| #define eslAUGMENT_MSA 1
| #define eslAUGMENT_RANDOM 1
| #define eslAUGMENT_SSI 1
| #define eslAUGMENT_STATS 1
| #define eslLIBRARY 1
| #define eslDEBUGLEVEL 0
| /* end confdefs.h.  */
| #include <stdarg.h>
| #include <stdbool.h>
| #include <stdlib.h>
| #include <wchar.h>
| #include <stdio.h>
| 
| // Check varargs macros.  These examples are taken from C99 6.10.3.5.
| #define debug(...) fprintf (stderr, __VA_ARGS__)
| #define showlist(...) puts (#__VA_ARGS__)
| #define report(test,...) ((test) ? puts (#test) : printf (__VA_ARGS__))
| static void
| test_varargs_macros (void)
| {
|   int x = 1234;
|   int y = 5678;
|   debug ("Flag");
|   debug ("X = %d\n", x);
|   showlist (The first, second, and third items.);
|   report (x>y, "x is %d but y is %d", x, y);
| }
| 
| // Check long long types.
| #define BIG64 18446744073709551615ull
| #define BIG32 4294967295ul
| #define BIG_OK (BIG64 / BIG32 == 4294967297ull && BIG64 % BIG32 == 0)
| #if !BIG_OK
|   your preprocessor is broken;
| #endif
| #if BIG_OK
| #else
|   your preprocessor is broken;
| #endif
| static long long int bignum = -9223372036854775807LL;
| static unsigned long long int ubignum = BIG64;
| 
| struct incomplete_array
| {
|   int datasize;
|   double data[];
| };
| 
| struct named_init {
|   int number;
|   const wchar_t *name;
|   double average;
| };
| 
| typedef const char *ccp;
| 
| static inline int
| test_restrict (ccp restrict text)
| {
|   // See if C++-style comments work.
|   // Iterate through items via the restricted pointer.
|   // Also check for declarations in for loops.
|   for (unsigned int i = 0; *(text+i) != '\0'; ++i)
|     continue;
|   return 0;
| }
| 
| // Check varargs and va_copy.
| static void
| test_varargs (const char *format, ...)
| {
|   va_list args;
|   va_start (args, format);
|   va_list args_copy;
|   va_copy (args_copy, args);
| 
|   const char *str;
|   int number;
|   float fnumber;
| 
|   while (*format)
|     {
|       switch (*format++)
| 	{
| 	case 's': // string
| 	  str = va_arg (args_copy, const char *);
| 	  break;
| 	case 'd': // int
| 	  number = va_arg (args_copy, int);
| 	  break;
| 	case 'f': // float
| 	  fnumber = va_arg (args_copy, double);
| 	  break;
| 	default:
| 	  break;
| 	}
|     }
|   va_end (args_copy);
|   va_end (args);
| }
| 
| int
| main ()
| {
| 
|   // Check bool.
|   _Bool success = false;
| 
|   // Check restrict.
|   if (test_restrict ("String literal") == 0)
|     success = true;
|   char *restrict newvar = "Another string";
| 
|   // Check varargs.
|   test_varargs ("s, d' f .", "string", 65, 34.234);
|   test_varargs_macros ();
| 
|   // Check flexible array members.
|   struct incomplete_array *ia =
|     malloc (sizeof (struct incomplete_array) + (sizeof (double) * 10));
|   ia->datasize = 10;
|   for (int i = 0; i < ia->datasize; ++i)
|     ia->data[i] = i * 1.234;
| 
|   // Check named initializers.
|   struct named_init ni = {
|     .number = 34,
|     .name = L"Test wide string",
|     .average = 543.34343,
|   };
| 
|   ni.number = 58;
| 
|   int dynamic_array[ni.number];
|   dynamic_array[ni.number - 1] = 543;
| 
|   // work around unused variable warnings
|   return (!success || bignum == 0LL || ubignum == 0uLL || newvar[0] == 'x'
| 	  || dynamic_array[ni.number - 1] != 543);
| 
|   ;
|   return 0;
| }
configure:3561: gcc -std=gnu99 -c -g -O2  conftest.c >&5
configure:3568: $? = 0
configure:3598: result: -std=gnu99
configure:3729: checking for gcc -std=gnu99 option to accept ISO Standard C
configure:3740: result: -std=gnu99
configure:3789: checking for ranlib
configure:3805: found /usr/local/bin/ranlib
configure:3816: result: ranlib
configure:3840: checking for ar
configure:3859: found /usr/local/bin/ar
configure:3872: result: /usr/local/bin/ar
configure:3881: checking whether your make is GNU make
configure:3889: result: yes, it is.
configure:4280: checking whether C compiler accepts -malign-double
configure:4309: gcc -std=gnu99 -c -malign-double  conftest.c >&5
configure:4316: $? = 0
configure:4334: result: yes
configure:4344: checking whether C compiler accepts -fstrict-aliasing
configure:4373: gcc -std=gnu99 -c -fstrict-aliasing  conftest.c >&5
configure:4380: $? = 0
configure:4398: result: yes
configure:4423: checking for gcc architecture flag
configure:4425: result: 
configure:4447: checking for x86 cpuid 0 output
configure:4486: gcc -std=gnu99 -o conftest -O3 -fomit-frame-pointer -malign-double -fstrict-aliasing   conftest.c  >&5
configure:4490: $? = 0
configure:4496: ./conftest
configure:4500: $? = 0
configure:4517: result: f:756e6547:6c65746e:49656e69
configure:4533: checking for x86 cpuid 1 output
configure:4572: gcc -std=gnu99 -o conftest -O3 -fomit-frame-pointer -malign-double -fstrict-aliasing   conftest.c  >&5
configure:4576: $? = 0
configure:4582: ./conftest
configure:4586: $? = 0
configure:4603: result: 306f2:4100800:7ffefbff:bfebfbff
configure:4848: checking whether C compiler accepts -march=pentiumpro
configure:4873: gcc -std=gnu99 -c -march=pentiumpro  conftest.c >&5
conftest.c:1:0: error: CPU you selected does not support x86-64 instruction set
 /* confdefs.h.  */
 ^
conftest.c:1:0: error: CPU you selected does not support x86-64 instruction set
configure:4880: $? = 1
configure: failed program was:
| /* confdefs.h.  */
| #define PACKAGE_NAME "Easel"
| #define PACKAGE_TARNAME "easel"
| #define PACKAGE_VERSION "0.1.snap20080611"
| #define PACKAGE_STRING "Easel 0.1.snap20080611"
| #define PACKAGE_BUGREPORT "eddys@janelia.hhmi.org"
| #define EASEL_DATE "June 2008"
| #define EASEL_COPYRIGHT "Copyright (C) 2008 Howard Hughes Medical Institute"
| #define EASEL_LICENSE "Freely distributed under the Janelia Farm Software License."
| #define EASEL_VERSION "0.1.snap20080611"
| #define eslAUGMENT_ALPHABET 1
| #define eslAUGMENT_DMATRIX 1
| #define eslAUGMENT_FILEPARSER 1
| #define eslAUGMENT_GEV 1
| #define eslAUGMENT_GUMBEL 1
| #define eslAUGMENT_HISTOGRAM 1
| #define eslAUGMENT_KEYHASH 1
| #define eslAUGMENT_MINIMIZER 1
| #define eslAUGMENT_MSA 1
| #define eslAUGMENT_RANDOM 1
| #define eslAUGMENT_SSI 1
| #define eslAUGMENT_STATS 1
| #define eslLIBRARY 1
| #define eslDEBUGLEVEL 0
| /* end confdefs.h.  */
| 
| int
| main ()
| {
| 
|   ;
|   return 0;
| }
configure:4896: result: no
configure:4848: checking whether C compiler accepts -mcpu=pentiumpro
configure:4873: gcc -std=gnu99 -c -mcpu=pentiumpro  conftest.c >&5
gcc: warning: '-mcpu=' is deprecated; use '-mtune=' or '-march=' instead
conftest.c:1:0: error: CPU you selected does not support x86-64 instruction set
 /* confdefs.h.  */
 ^
configure:4880: $? = 1
configure: failed program was:
| /* confdefs.h.  */
| #define PACKAGE_NAME "Easel"
| #define PACKAGE_TARNAME "easel"
| #define PACKAGE_VERSION "0.1.snap20080611"
| #define PACKAGE_STRING "Easel 0.1.snap20080611"
| #define PACKAGE_BUGREPORT "eddys@janelia.hhmi.org"
| #define EASEL_DATE "June 2008"
| #define EASEL_COPYRIGHT "Copyright (C) 2008 Howard Hughes Medical Institute"
| #define EASEL_LICENSE "Freely distributed under the Janelia Farm Software License."
| #define EASEL_VERSION "0.1.snap20080611"
| #define eslAUGMENT_ALPHABET 1
| #define eslAUGMENT_DMATRIX 1
| #define eslAUGMENT_FILEPARSER 1
| #define eslAUGMENT_GEV 1
| #define eslAUGMENT_GUMBEL 1
| #define eslAUGMENT_HISTOGRAM 1
| #define eslAUGMENT_KEYHASH 1
| #define eslAUGMENT_MINIMIZER 1
| #define eslAUGMENT_MSA 1
| #define eslAUGMENT_RANDOM 1
| #define eslAUGMENT_SSI 1
| #define eslAUGMENT_STATS 1
| #define eslLIBRARY 1
| #define eslDEBUGLEVEL 0
| /* end confdefs.h.  */
| 
| int
| main ()
| {
| 
|   ;
|   return 0;
| }
configure:4896: result: no
configure:4848: checking whether C compiler accepts -mpentiumpro
configure:4873: gcc -std=gnu99 -c -mpentiumpro  conftest.c >&5
gcc: error: unrecognized command line option '-mpentiumpro'
configure:4880: $? = 1
configure: failed program was:
| /* confdefs.h.  */
| #define PACKAGE_NAME "Easel"
| #define PACKAGE_TARNAME "easel"
| #define PACKAGE_VERSION "0.1.snap20080611"
| #define PACKAGE_STRING "Easel 0.1.snap20080611"
| #define PACKAGE_BUGREPORT "eddys@janelia.hhmi.org"
| #define EASEL_DATE "June 2008"
| #define EASEL_COPYRIGHT "Copyright (C) 2008 Howard Hughes Medical Institute"
| #define EASEL_LICENSE "Freely distributed under the Janelia Farm Software License."
| #define EASEL_VERSION "0.1.snap20080611"
| #define eslAUGMENT_ALPHABET 1
| #define eslAUGMENT_DMATRIX 1
| #define eslAUGMENT_FILEPARSER 1
| #define eslAUGMENT_GEV 1
| #define eslAUGMENT_GUMBEL 1
| #define eslAUGMENT_HISTOGRAM 1
| #define eslAUGMENT_KEYHASH 1
| #define eslAUGMENT_MINIMIZER 1
| #define eslAUGMENT_MSA 1
| #define eslAUGMENT_RANDOM 1
| #define eslAUGMENT_SSI 1
| #define eslAUGMENT_STATS 1
| #define eslLIBRARY 1
| #define eslDEBUGLEVEL 0
| /* end confdefs.h.  */
| 
| int
| main ()
| {
| 
|   ;
|   return 0;
| }
configure:4896: result: no
configure:4913: checking for gcc architecture flag
configure:4915: result: unknown
configure:4937: checking whether C compiler accepts -O3 -fomit-frame-pointer -malign-double -fstrict-aliasing
configure:4962: gcc -std=gnu99 -c -O3 -fomit-frame-pointer -malign-double -fstrict-aliasing  conftest.c >&5
configure:4969: $? = 0
configure:4985: result: yes
configure:5386: checking for grep that handles long lines and -e
configure:5446: result: /usr/local/bin/grep
configure:5451: checking for egrep
configure:5515: result: /usr/local/bin/grep -E
configure:5520: checking for ANSI C header files
configure:5550: gcc -std=gnu99 -c -O3 -fomit-frame-pointer -malign-double -fstrict-aliasing  conftest.c >&5
configure:5557: $? = 0
configure:5656: gcc -std=gnu99 -o conftest -O3 -fomit-frame-pointer -malign-double -fstrict-aliasing   conftest.c  >&5
configure:5660: $? = 0
configure:5666: ./conftest
configure:5670: $? = 0
configure:5688: result: yes
configure:5712: checking for sys/types.h
configure:5733: gcc -std=gnu99 -c -O3 -fomit-frame-pointer -malign-double -fstrict-aliasing  conftest.c >&5
configure:5740: $? = 0
configure:5757: result: yes
configure:5712: checking for sys/stat.h
configure:5733: gcc -std=gnu99 -c -O3 -fomit-frame-pointer -malign-double -fstrict-aliasing  conftest.c >&5
configure:5740: $? = 0
configure:5757: result: yes
configure:5712: checking for stdlib.h
configure:5733: gcc -std=gnu99 -c -O3 -fomit-frame-pointer -malign-double -fstrict-aliasing  conftest.c >&5
configure:5740: $? = 0
configure:5757: result: yes
configure:5712: checking for string.h
configure:5733: gcc -std=gnu99 -c -O3 -fomit-frame-pointer -malign-double -fstrict-aliasing  conftest.c >&5
configure:5740: $? = 0
configure:5757: result: yes
configure:5712: checking for memory.h
configure:5733: gcc -std=gnu99 -c -O3 -fomit-frame-pointer -malign-double -fstrict-aliasing  conftest.c >&5
configure:5740: $? = 0
configure:5757: result: yes
configure:5712: checking for strings.h
configure:5733: gcc -std=gnu99 -c -O3 -fomit-frame-pointer -malign-double -fstrict-aliasing  conftest.c >&5
configure:5740: $? = 0
configure:5757: result: yes
configure:5712: checking for inttypes.h
configure:5733: gcc -std=gnu99 -c -O3 -fomit-frame-pointer -malign-double -fstrict-aliasing  conftest.c >&5
configure:5740: $? = 0
configure:5757: result: yes
configure:5712: checking for stdint.h
configure:5733: gcc -std=gnu99 -c -O3 -fomit-frame-pointer -malign-double -fstrict-aliasing  conftest.c >&5
configure:5740: $? = 0
configure:5757: result: yes
configure:5712: checking for unistd.h
configure:5733: gcc -std=gnu99 -c -O3 -fomit-frame-pointer -malign-double -fstrict-aliasing  conftest.c >&5
configure:5740: $? = 0
configure:5757: result: yes
configure:5781: checking emmintrin.h usability
configure:5798: gcc -std=gnu99 -c -O3 -fomit-frame-pointer -malign-double -fstrict-aliasing  conftest.c >&5
configure:5805: $? = 0
configure:5819: result: yes
configure:5823: checking emmintrin.h presence
configure:5838: gcc -E  conftest.c
configure:5845: $? = 0
configure:5859: result: yes
configure:5892: checking for emmintrin.h
configure:5899: result: yes
configure:5905: checking if platform can run SSE/SSE2 instructions
configure:5937: gcc -std=gnu99 -o conftest -O3 -fomit-frame-pointer -malign-double -fstrict-aliasing   conftest.c  >&5
configure:5941: $? = 0
configure:5947: ./conftest
configure:5951: $? = 0
configure:5953: result: yes
configure:5977: checking whether C compiler accepts -msse2
configure:6006: gcc -std=gnu99 -c -msse2  conftest.c >&5
configure:6013: $? = 0
configure:6031: result: yes
configure:6482: checking for sys/types.h
configure:6489: result: yes
configure:6482: checking for unistd.h
configure:6489: result: yes
configure:6482: checking for stdint.h
configure:6489: result: yes
configure:6482: checking for inttypes.h
configure:6489: result: yes
configure:6801: checking whether byte ordering is bigendian
configure:6826: gcc -std=gnu99 -c -O3 -fomit-frame-pointer -malign-double -fstrict-aliasing  conftest.c >&5
conftest.c:42:9: error: unknown type name 'not'
         not a universal capable compiler
         ^
conftest.c:42:15: error: expected '=', ',', ';', 'asm' or '__attribute__' before 'universal'
         not a universal capable compiler
               ^
conftest.c:42:15: error: unknown type name 'universal'
configure:6833: $? = 1
configure: failed program was:
| /* confdefs.h.  */
| #define PACKAGE_NAME "Easel"
| #define PACKAGE_TARNAME "easel"
| #define PACKAGE_VERSION "0.1.snap20080611"
| #define PACKAGE_STRING "Easel 0.1.snap20080611"
| #define PACKAGE_BUGREPORT "eddys@janelia.hhmi.org"
| #define EASEL_DATE "June 2008"
| #define EASEL_COPYRIGHT "Copyright (C) 2008 Howard Hughes Medical Institute"
| #define EASEL_LICENSE "Freely distributed under the Janelia Farm Software License."
| #define EASEL_VERSION "0.1.snap20080611"
| #define eslAUGMENT_ALPHABET 1
| #define eslAUGMENT_DMATRIX 1
| #define eslAUGMENT_FILEPARSER 1
| #define eslAUGMENT_GEV 1
| #define eslAUGMENT_GUMBEL 1
| #define eslAUGMENT_HISTOGRAM 1
| #define eslAUGMENT_KEYHASH 1
| #define eslAUGMENT_MINIMIZER 1
| #define eslAUGMENT_MSA 1
| #define eslAUGMENT_RANDOM 1
| #define eslAUGMENT_SSI 1
| #define eslAUGMENT_STATS 1
| #define eslLIBRARY 1
| #define eslDEBUGLEVEL 0
| #define STDC_HEADERS 1
| #define HAVE_SYS_TYPES_H 1
| #define HAVE_SYS_STAT_H 1
| #define HAVE_STDLIB_H 1
| #define HAVE_STRING_H 1
| #define HAVE_MEMORY_H 1
| #define HAVE_STRINGS_H 1
| #define HAVE_INTTYPES_H 1
| #define HAVE_STDINT_H 1
| #define HAVE_UNISTD_H 1
| #define HAVE_SSE2 1
| #define HAVE_SYS_TYPES_H 1
| #define HAVE_UNISTD_H 1
| #define HAVE_STDINT_H 1
| #define HAVE_INTTYPES_H 1
| /* end confdefs.h.  */
| #ifndef __APPLE_CC__
| 	       not a universal capable compiler
| 	     #endif
| 	     typedef int dummy;
| 
configure:6883: gcc -std=gnu99 -c -O3 -fomit-frame-pointer -malign-double -fstrict-aliasing  conftest.c >&5
configure:6890: $? = 0
configure:6922: gcc -std=gnu99 -c -O3 -fomit-frame-pointer -malign-double -fstrict-aliasing  conftest.c >&5
conftest.c: In function 'main':
conftest.c:48:4: error: unknown type name 'not'
    not big endian
    ^
conftest.c:48:12: error: expected '=', ',', ';', 'asm' or '__attribute__' before 'endian'
    not big endian
            ^
configure:6929: $? = 1
configure: failed program was:
| /* confdefs.h.  */
| #define PACKAGE_NAME "Easel"
| #define PACKAGE_TARNAME "easel"
| #define PACKAGE_VERSION "0.1.snap20080611"
| #define PACKAGE_STRING "Easel 0.1.snap20080611"
| #define PACKAGE_BUGREPORT "eddys@janelia.hhmi.org"
| #define EASEL_DATE "June 2008"
| #define EASEL_COPYRIGHT "Copyright (C) 2008 Howard Hughes Medical Institute"
| #define EASEL_LICENSE "Freely distributed under the Janelia Farm Software License."
| #define EASEL_VERSION "0.1.snap20080611"
| #define eslAUGMENT_ALPHABET 1
| #define eslAUGMENT_DMATRIX 1
| #define eslAUGMENT_FILEPARSER 1
| #define eslAUGMENT_GEV 1
| #define eslAUGMENT_GUMBEL 1
| #define eslAUGMENT_HISTOGRAM 1
| #define eslAUGMENT_KEYHASH 1
| #define eslAUGMENT_MINIMIZER 1
| #define eslAUGMENT_MSA 1
| #define eslAUGMENT_RANDOM 1
| #define eslAUGMENT_SSI 1
| #define eslAUGMENT_STATS 1
| #define eslLIBRARY 1
| #define eslDEBUGLEVEL 0
| #define STDC_HEADERS 1
| #define HAVE_SYS_TYPES_H 1
| #define HAVE_SYS_STAT_H 1
| #define HAVE_STDLIB_H 1
| #define HAVE_STRING_H 1
| #define HAVE_MEMORY_H 1
| #define HAVE_STRINGS_H 1
| #define HAVE_INTTYPES_H 1
| #define HAVE_STDINT_H 1
| #define HAVE_UNISTD_H 1
| #define HAVE_SSE2 1
| #define HAVE_SYS_TYPES_H 1
| #define HAVE_UNISTD_H 1
| #define HAVE_STDINT_H 1
| #define HAVE_INTTYPES_H 1
| /* end confdefs.h.  */
| #include <sys/types.h>
| 		#include <sys/param.h>
| 
| int
| main ()
| {
| #if BYTE_ORDER != BIG_ENDIAN
| 		 not big endian
| 		#endif
| 
|   ;
|   return 0;
| }
configure:7181: result: no
configure:7207: checking for int8_t
configure:7238: gcc -std=gnu99 -c -O3 -fomit-frame-pointer -malign-double -fstrict-aliasing  conftest.c >&5
configure:7245: $? = 0
configure:7274: gcc -std=gnu99 -c -O3 -fomit-frame-pointer -malign-double -fstrict-aliasing  conftest.c >&5
conftest.c: In function 'main':
conftest.c:77:12: error: size of array 'test_array' is negative
 static int test_array [1 - 2 * !((int8_t) ((((int8_t) 1 << (8 - 2)) - 1) * 2 + 1)
            ^
configure:7281: $? = 1
configure: failed program was:
| /* confdefs.h.  */
| #define PACKAGE_NAME "Easel"
| #define PACKAGE_TARNAME "easel"
| #define PACKAGE_VERSION "0.1.snap20080611"
| #define PACKAGE_STRING "Easel 0.1.snap20080611"
| #define PACKAGE_BUGREPORT "eddys@janelia.hhmi.org"
| #define EASEL_DATE "June 2008"
| #define EASEL_COPYRIGHT "Copyright (C) 2008 Howard Hughes Medical Institute"
| #define EASEL_LICENSE "Freely distributed under the Janelia Farm Software License."
| #define EASEL_VERSION "0.1.snap20080611"
| #define eslAUGMENT_ALPHABET 1
| #define eslAUGMENT_DMATRIX 1
| #define eslAUGMENT_FILEPARSER 1
| #define eslAUGMENT_GEV 1
| #define eslAUGMENT_GUMBEL 1
| #define eslAUGMENT_HISTOGRAM 1
| #define eslAUGMENT_KEYHASH 1
| #define eslAUGMENT_MINIMIZER 1
| #define eslAUGMENT_MSA 1
| #define eslAUGMENT_RANDOM 1
| #define eslAUGMENT_SSI 1
| #define eslAUGMENT_STATS 1
| #define eslLIBRARY 1
| #define eslDEBUGLEVEL 0
| #define STDC_HEADERS 1
| #define HAVE_SYS_TYPES_H 1
| #define HAVE_SYS_STAT_H 1
| #define HAVE_STDLIB_H 1
| #define HAVE_STRING_H 1
| #define HAVE_MEMORY_H 1
| #define HAVE_STRINGS_H 1
| #define HAVE_INTTYPES_H 1
| #define HAVE_STDINT_H 1
| #define HAVE_UNISTD_H 1
| #define HAVE_SSE2 1
| #define HAVE_SYS_TYPES_H 1
| #define HAVE_UNISTD_H 1
| #define HAVE_STDINT_H 1
| #define HAVE_INTTYPES_H 1
| /* end confdefs.h.  */
| #include <stdio.h>
| #ifdef HAVE_SYS_TYPES_H
| # include <sys/types.h>
| #endif
| #ifdef HAVE_SYS_STAT_H
| # include <sys/stat.h>
| #endif
| #ifdef STDC_HEADERS
| # include <stdlib.h>
| # include <stddef.h>
| #else
| # ifdef HAVE_STDLIB_H
| #  include <stdlib.h>
| # endif
| #endif
| #ifdef HAVE_STRING_H
| # if !defined STDC_HEADERS && defined HAVE_MEMORY_H
| #  include <memory.h>
| # endif
| # include <string.h>
| #endif
| #ifdef HAVE_STRINGS_H
| # include <strings.h>
| #endif
| #ifdef HAVE_INTTYPES_H
| # include <inttypes.h>
| #endif
| #ifdef HAVE_STDINT_H
| # include <stdint.h>
| #endif
| #ifdef HAVE_UNISTD_H
| # include <unistd.h>
| #endif
| int
| main ()
| {
| static int test_array [1 - 2 * !((int8_t) ((((int8_t) 1 << (8 - 2)) - 1) * 2 + 1)
| 		 < (int8_t) ((((int8_t) 1 << (8 - 2)) - 1) * 2 + 2))];
| test_array [0] = 0
| 
|   ;
|   return 0;
| }
configure:7310: result: yes
configure:7323: checking for int16_t
configure:7354: gcc -std=gnu99 -c -O3 -fomit-frame-pointer -malign-double -fstrict-aliasing  conftest.c >&5
configure:7361: $? = 0
configure:7390: gcc -std=gnu99 -c -O3 -fomit-frame-pointer -malign-double -fstrict-aliasing  conftest.c >&5
conftest.c: In function 'main':
conftest.c:77:12: error: size of array 'test_array' is negative
 static int test_array [1 - 2 * !((int16_t) ((((int16_t) 1 << (16 - 2)) - 1) * 2 + 1)
            ^
configure:7397: $? = 1
configure: failed program was:
| /* confdefs.h.  */
| #define PACKAGE_NAME "Easel"
| #define PACKAGE_TARNAME "easel"
| #define PACKAGE_VERSION "0.1.snap20080611"
| #define PACKAGE_STRING "Easel 0.1.snap20080611"
| #define PACKAGE_BUGREPORT "eddys@janelia.hhmi.org"
| #define EASEL_DATE "June 2008"
| #define EASEL_COPYRIGHT "Copyright (C) 2008 Howard Hughes Medical Institute"
| #define EASEL_LICENSE "Freely distributed under the Janelia Farm Software License."
| #define EASEL_VERSION "0.1.snap20080611"
| #define eslAUGMENT_ALPHABET 1
| #define eslAUGMENT_DMATRIX 1
| #define eslAUGMENT_FILEPARSER 1
| #define eslAUGMENT_GEV 1
| #define eslAUGMENT_GUMBEL 1
| #define eslAUGMENT_HISTOGRAM 1
| #define eslAUGMENT_KEYHASH 1
| #define eslAUGMENT_MINIMIZER 1
| #define eslAUGMENT_MSA 1
| #define eslAUGMENT_RANDOM 1
| #define eslAUGMENT_SSI 1
| #define eslAUGMENT_STATS 1
| #define eslLIBRARY 1
| #define eslDEBUGLEVEL 0
| #define STDC_HEADERS 1
| #define HAVE_SYS_TYPES_H 1
| #define HAVE_SYS_STAT_H 1
| #define HAVE_STDLIB_H 1
| #define HAVE_STRING_H 1
| #define HAVE_MEMORY_H 1
| #define HAVE_STRINGS_H 1
| #define HAVE_INTTYPES_H 1
| #define HAVE_STDINT_H 1
| #define HAVE_UNISTD_H 1
| #define HAVE_SSE2 1
| #define HAVE_SYS_TYPES_H 1
| #define HAVE_UNISTD_H 1
| #define HAVE_STDINT_H 1
| #define HAVE_INTTYPES_H 1
| /* end confdefs.h.  */
| #include <stdio.h>
| #ifdef HAVE_SYS_TYPES_H
| # include <sys/types.h>
| #endif
| #ifdef HAVE_SYS_STAT_H
| # include <sys/stat.h>
| #endif
| #ifdef STDC_HEADERS
| # include <stdlib.h>
| # include <stddef.h>
| #else
| # ifdef HAVE_STDLIB_H
| #  include <stdlib.h>
| # endif
| #endif
| #ifdef HAVE_STRING_H
| # if !defined STDC_HEADERS && defined HAVE_MEMORY_H
| #  include <memory.h>
| # endif
| # include <string.h>
| #endif
| #ifdef HAVE_STRINGS_H
| # include <strings.h>
| #endif
| #ifdef HAVE_INTTYPES_H
| # include <inttypes.h>
| #endif
| #ifdef HAVE_STDINT_H
| # include <stdint.h>
| #endif
| #ifdef HAVE_UNISTD_H
| # include <unistd.h>
| #endif
| int
| main ()
| {
| static int test_array [1 - 2 * !((int16_t) ((((int16_t) 1 << (16 - 2)) - 1) * 2 + 1)
| 		 < (int16_t) ((((int16_t) 1 << (16 - 2)) - 1) * 2 + 2))];
| test_array [0] = 0
| 
|   ;
|   return 0;
| }
configure:7426: result: yes
configure:7439: checking for int32_t
configure:7470: gcc -std=gnu99 -c -O3 -fomit-frame-pointer -malign-double -fstrict-aliasing  conftest.c >&5
configure:7477: $? = 0
configure:7506: gcc -std=gnu99 -c -O3 -fomit-frame-pointer -malign-double -fstrict-aliasing  conftest.c >&5
conftest.c: In function 'main':
conftest.c:78:53: warning: integer overflow in expression [-Woverflow]
    < (int32_t) ((((int32_t) 1 << (32 - 2)) - 1) * 2 + 2))];
                                                     ^
conftest.c:77:12: error: storage size of 'test_array' isn't constant
 static int test_array [1 - 2 * !((int32_t) ((((int32_t) 1 << (32 - 2)) - 1) * 2 + 1)
            ^
configure:7513: $? = 1
configure: failed program was:
| /* confdefs.h.  */
| #define PACKAGE_NAME "Easel"
| #define PACKAGE_TARNAME "easel"
| #define PACKAGE_VERSION "0.1.snap20080611"
| #define PACKAGE_STRING "Easel 0.1.snap20080611"
| #define PACKAGE_BUGREPORT "eddys@janelia.hhmi.org"
| #define EASEL_DATE "June 2008"
| #define EASEL_COPYRIGHT "Copyright (C) 2008 Howard Hughes Medical Institute"
| #define EASEL_LICENSE "Freely distributed under the Janelia Farm Software License."
| #define EASEL_VERSION "0.1.snap20080611"
| #define eslAUGMENT_ALPHABET 1
| #define eslAUGMENT_DMATRIX 1
| #define eslAUGMENT_FILEPARSER 1
| #define eslAUGMENT_GEV 1
| #define eslAUGMENT_GUMBEL 1
| #define eslAUGMENT_HISTOGRAM 1
| #define eslAUGMENT_KEYHASH 1
| #define eslAUGMENT_MINIMIZER 1
| #define eslAUGMENT_MSA 1
| #define eslAUGMENT_RANDOM 1
| #define eslAUGMENT_SSI 1
| #define eslAUGMENT_STATS 1
| #define eslLIBRARY 1
| #define eslDEBUGLEVEL 0
| #define STDC_HEADERS 1
| #define HAVE_SYS_TYPES_H 1
| #define HAVE_SYS_STAT_H 1
| #define HAVE_STDLIB_H 1
| #define HAVE_STRING_H 1
| #define HAVE_MEMORY_H 1
| #define HAVE_STRINGS_H 1
| #define HAVE_INTTYPES_H 1
| #define HAVE_STDINT_H 1
| #define HAVE_UNISTD_H 1
| #define HAVE_SSE2 1
| #define HAVE_SYS_TYPES_H 1
| #define HAVE_UNISTD_H 1
| #define HAVE_STDINT_H 1
| #define HAVE_INTTYPES_H 1
| /* end confdefs.h.  */
| #include <stdio.h>
| #ifdef HAVE_SYS_TYPES_H
| # include <sys/types.h>
| #endif
| #ifdef HAVE_SYS_STAT_H
| # include <sys/stat.h>
| #endif
| #ifdef STDC_HEADERS
| # include <stdlib.h>
| # include <stddef.h>
| #else
| # ifdef HAVE_STDLIB_H
| #  include <stdlib.h>
| # endif
| #endif
| #ifdef HAVE_STRING_H
| # if !defined STDC_HEADERS && defined HAVE_MEMORY_H
| #  include <memory.h>
| # endif
| # include <string.h>
| #endif
| #ifdef HAVE_STRINGS_H
| # include <strings.h>
| #endif
| #ifdef HAVE_INTTYPES_H
| # include <inttypes.h>
| #endif
| #ifdef HAVE_STDINT_H
| # include <stdint.h>
| #endif
| #ifdef HAVE_UNISTD_H
| # include <unistd.h>
| #endif
| int
| main ()
| {
| static int test_array [1 - 2 * !((int32_t) ((((int32_t) 1 << (32 - 2)) - 1) * 2 + 1)
| 		 < (int32_t) ((((int32_t) 1 << (32 - 2)) - 1) * 2 + 2))];
| test_array [0] = 0
| 
|   ;
|   return 0;
| }
configure:7542: result: yes
configure:7555: checking for int64_t
configure:7586: gcc -std=gnu99 -c -O3 -fomit-frame-pointer -malign-double -fstrict-aliasing  conftest.c >&5
configure:7593: $? = 0
configure:7622: gcc -std=gnu99 -c -O3 -fomit-frame-pointer -malign-double -fstrict-aliasing  conftest.c >&5
conftest.c: In function 'main':
conftest.c:78:53: warning: integer overflow in expression [-Woverflow]
    < (int64_t) ((((int64_t) 1 << (64 - 2)) - 1) * 2 + 2))];
                                                     ^
conftest.c:77:12: error: storage size of 'test_array' isn't constant
 static int test_array [1 - 2 * !((int64_t) ((((int64_t) 1 << (64 - 2)) - 1) * 2 + 1)
            ^
configure:7629: $? = 1
configure: failed program was:
| /* confdefs.h.  */
| #define PACKAGE_NAME "Easel"
| #define PACKAGE_TARNAME "easel"
| #define PACKAGE_VERSION "0.1.snap20080611"
| #define PACKAGE_STRING "Easel 0.1.snap20080611"
| #define PACKAGE_BUGREPORT "eddys@janelia.hhmi.org"
| #define EASEL_DATE "June 2008"
| #define EASEL_COPYRIGHT "Copyright (C) 2008 Howard Hughes Medical Institute"
| #define EASEL_LICENSE "Freely distributed under the Janelia Farm Software License."
| #define EASEL_VERSION "0.1.snap20080611"
| #define eslAUGMENT_ALPHABET 1
| #define eslAUGMENT_DMATRIX 1
| #define eslAUGMENT_FILEPARSER 1
| #define eslAUGMENT_GEV 1
| #define eslAUGMENT_GUMBEL 1
| #define eslAUGMENT_HISTOGRAM 1
| #define eslAUGMENT_KEYHASH 1
| #define eslAUGMENT_MINIMIZER 1
| #define eslAUGMENT_MSA 1
| #define eslAUGMENT_RANDOM 1
| #define eslAUGMENT_SSI 1
| #define eslAUGMENT_STATS 1
| #define eslLIBRARY 1
| #define eslDEBUGLEVEL 0
| #define STDC_HEADERS 1
| #define HAVE_SYS_TYPES_H 1
| #define HAVE_SYS_STAT_H 1
| #define HAVE_STDLIB_H 1
| #define HAVE_STRING_H 1
| #define HAVE_MEMORY_H 1
| #define HAVE_STRINGS_H 1
| #define HAVE_INTTYPES_H 1
| #define HAVE_STDINT_H 1
| #define HAVE_UNISTD_H 1
| #define HAVE_SSE2 1
| #define HAVE_SYS_TYPES_H 1
| #define HAVE_UNISTD_H 1
| #define HAVE_STDINT_H 1
| #define HAVE_INTTYPES_H 1
| /* end confdefs.h.  */
| #include <stdio.h>
| #ifdef HAVE_SYS_TYPES_H
| # include <sys/types.h>
| #endif
| #ifdef HAVE_SYS_STAT_H
| # include <sys/stat.h>
| #endif
| #ifdef STDC_HEADERS
| # include <stdlib.h>
| # include <stddef.h>
| #else
| # ifdef HAVE_STDLIB_H
| #  include <stdlib.h>
| # endif
| #endif
| #ifdef HAVE_STRING_H
| # if !defined STDC_HEADERS && defined HAVE_MEMORY_H
| #  include <memory.h>
| # endif
| # include <string.h>
| #endif
| #ifdef HAVE_STRINGS_H
| # include <strings.h>
| #endif
| #ifdef HAVE_INTTYPES_H
| # include <inttypes.h>
| #endif
| #ifdef HAVE_STDINT_H
| # include <stdint.h>
| #endif
| #ifdef HAVE_UNISTD_H
| # include <unistd.h>
| #endif
| int
| main ()
| {
| static int test_array [1 - 2 * !((int64_t) ((((int64_t) 1 << (64 - 2)) - 1) * 2 + 1)
| 		 < (int64_t) ((((int64_t) 1 << (64 - 2)) - 1) * 2 + 2))];
| test_array [0] = 0
| 
|   ;
|   return 0;
| }
configure:7658: result: yes
configure:7671: checking for uint8_t
configure:7702: gcc -std=gnu99 -c -O3 -fomit-frame-pointer -malign-double -fstrict-aliasing  conftest.c >&5
configure:7709: $? = 0
configure:7730: result: yes
configure:7748: checking for uint16_t
configure:7779: gcc -std=gnu99 -c -O3 -fomit-frame-pointer -malign-double -fstrict-aliasing  conftest.c >&5
configure:7786: $? = 0
configure:7807: result: yes
configure:7821: checking for uint32_t
configure:7852: gcc -std=gnu99 -c -O3 -fomit-frame-pointer -malign-double -fstrict-aliasing  conftest.c >&5
configure:7859: $? = 0
configure:7880: result: yes
configure:7898: checking for uint64_t
configure:7929: gcc -std=gnu99 -c -O3 -fomit-frame-pointer -malign-double -fstrict-aliasing  conftest.c >&5
configure:7936: $? = 0
configure:7957: result: yes
configure:7974: checking for off_t
configure:8002: gcc -std=gnu99 -c -O3 -fomit-frame-pointer -malign-double -fstrict-aliasing  conftest.c >&5
configure:8009: $? = 0
configure:8036: gcc -std=gnu99 -c -O3 -fomit-frame-pointer -malign-double -fstrict-aliasing  conftest.c >&5
conftest.c: In function 'main':
conftest.c:77:20: error: expected expression before ')' token
 if (sizeof ((off_t)))
                    ^
configure:8043: $? = 1
configure: failed program was:
| /* confdefs.h.  */
| #define PACKAGE_NAME "Easel"
| #define PACKAGE_TARNAME "easel"
| #define PACKAGE_VERSION "0.1.snap20080611"
| #define PACKAGE_STRING "Easel 0.1.snap20080611"
| #define PACKAGE_BUGREPORT "eddys@janelia.hhmi.org"
| #define EASEL_DATE "June 2008"
| #define EASEL_COPYRIGHT "Copyright (C) 2008 Howard Hughes Medical Institute"
| #define EASEL_LICENSE "Freely distributed under the Janelia Farm Software License."
| #define EASEL_VERSION "0.1.snap20080611"
| #define eslAUGMENT_ALPHABET 1
| #define eslAUGMENT_DMATRIX 1
| #define eslAUGMENT_FILEPARSER 1
| #define eslAUGMENT_GEV 1
| #define eslAUGMENT_GUMBEL 1
| #define eslAUGMENT_HISTOGRAM 1
| #define eslAUGMENT_KEYHASH 1
| #define eslAUGMENT_MINIMIZER 1
| #define eslAUGMENT_MSA 1
| #define eslAUGMENT_RANDOM 1
| #define eslAUGMENT_SSI 1
| #define eslAUGMENT_STATS 1
| #define eslLIBRARY 1
| #define eslDEBUGLEVEL 0
| #define STDC_HEADERS 1
| #define HAVE_SYS_TYPES_H 1
| #define HAVE_SYS_STAT_H 1
| #define HAVE_STDLIB_H 1
| #define HAVE_STRING_H 1
| #define HAVE_MEMORY_H 1
| #define HAVE_STRINGS_H 1
| #define HAVE_INTTYPES_H 1
| #define HAVE_STDINT_H 1
| #define HAVE_UNISTD_H 1
| #define HAVE_SSE2 1
| #define HAVE_SYS_TYPES_H 1
| #define HAVE_UNISTD_H 1
| #define HAVE_STDINT_H 1
| #define HAVE_INTTYPES_H 1
| /* end confdefs.h.  */
| #include <stdio.h>
| #ifdef HAVE_SYS_TYPES_H
| # include <sys/types.h>
| #endif
| #ifdef HAVE_SYS_STAT_H
| # include <sys/stat.h>
| #endif
| #ifdef STDC_HEADERS
| # include <stdlib.h>
| # include <stddef.h>
| #else
| # ifdef HAVE_STDLIB_H
| #  include <stdlib.h>
| # endif
| #endif
| #ifdef HAVE_STRING_H
| # if !defined STDC_HEADERS && defined HAVE_MEMORY_H
| #  include <memory.h>
| # endif
| # include <string.h>
| #endif
| #ifdef HAVE_STRINGS_H
| # include <strings.h>
| #endif
| #ifdef HAVE_INTTYPES_H
| # include <inttypes.h>
| #endif
| #ifdef HAVE_STDINT_H
| # include <stdint.h>
| #endif
| #ifdef HAVE_UNISTD_H
| # include <unistd.h>
| #endif
| int
| main ()
| {
| if (sizeof ((off_t)))
| 	  return 0;
|   ;
|   return 0;
| }
configure:8066: result: yes
configure:8089: checking for mkstemp
configure:8145: gcc -std=gnu99 -o conftest -O3 -fomit-frame-pointer -malign-double -fstrict-aliasing   conftest.c  >&5
configure:8152: $? = 0
configure:8174: result: yes
configure:8190: checking for popen
configure:8246: gcc -std=gnu99 -o conftest -O3 -fomit-frame-pointer -malign-double -fstrict-aliasing   conftest.c  >&5
configure:8253: $? = 0
configure:8275: result: yes
configure:8291: checking for strcasecmp
configure:8347: gcc -std=gnu99 -o conftest -O3 -fomit-frame-pointer -malign-double -fstrict-aliasing   conftest.c  >&5
conftest.c:66:6: warning: conflicting types for built-in function 'strcasecmp' [enabled by default]
 char strcasecmp ();
      ^
configure:8354: $? = 0
configure:8376: result: yes
configure:8392: checking for times
configure:8448: gcc -std=gnu99 -o conftest -O3 -fomit-frame-pointer -malign-double -fstrict-aliasing   conftest.c  >&5
configure:8455: $? = 0
configure:8477: result: yes
configure:8489: checking for _LARGEFILE_SOURCE value needed for large files
configure:8518: gcc -std=gnu99 -o conftest -O3 -fomit-frame-pointer -malign-double -fstrict-aliasing   conftest.c  >&5
configure:8525: $? = 0
configure:8598: result: no
configure:8632: checking for special C compiler options needed for large files
configure:8727: result: no
configure:8733: checking for _FILE_OFFSET_BITS value needed for large files
configure:8768: gcc -std=gnu99 -c -O3 -fomit-frame-pointer -malign-double -fstrict-aliasing  conftest.c >&5
configure:8775: $? = 0
configure:8844: result: no
configure:9103: creating ./config.status

## ---------------------- ##
## Running config.status. ##
## ---------------------- ##

This file was extended by Easel config.status 0.1.snap20080611, which was
generated by GNU Autoconf 2.63.  Invocation command line was

  CONFIG_FILES    = 
  CONFIG_HEADERS  = 
  CONFIG_LINKS    = 
  CONFIG_COMMANDS = 
  $ ./config.status 

on brownlabserver1.otago.ac.nz

config.status:773: creating miniapps/Makefile
config.status:773: creating testsuite/Makefile
config.status:773: creating Makefile
config.status:773: creating LICENSE.csh
config.status:773: creating esl_config.h
config.status:984: esl_config.h is unchanged

## ---------------- ##
## Cache variables. ##
## ---------------- ##

ac_cv_build=x86_64-unknown-linux-gnu
ac_cv_c_bigendian=no
ac_cv_c_compiler_gnu=yes
ac_cv_c_int16_t=yes
ac_cv_c_int32_t=yes
ac_cv_c_int64_t=yes
ac_cv_c_int8_t=yes
ac_cv_c_uint16_t=yes
ac_cv_c_uint32_t=yes
ac_cv_c_uint64_t=yes
ac_cv_c_uint8_t=yes
ac_cv_env_CC_set=
ac_cv_env_CC_value=
ac_cv_env_CFLAGS_set=
ac_cv_env_CFLAGS_value=
ac_cv_env_CPPFLAGS_set=
ac_cv_env_CPPFLAGS_value=
ac_cv_env_CPP_set=
ac_cv_env_CPP_value=
ac_cv_env_LDFLAGS_set=
ac_cv_env_LDFLAGS_value=
ac_cv_env_LIBS_set=
ac_cv_env_LIBS_value=
ac_cv_env_MPICC_set=
ac_cv_env_MPICC_value=
ac_cv_env_build_alias_set=
ac_cv_env_build_alias_value=
ac_cv_env_host_alias_set=
ac_cv_env_host_alias_value=
ac_cv_env_target_alias_set=
ac_cv_env_target_alias_value=
ac_cv_func_mkstemp=yes
ac_cv_func_popen=yes
ac_cv_func_strcasecmp=yes
ac_cv_func_times=yes
ac_cv_header_emmintrin_h=yes
ac_cv_header_inttypes_h=yes
ac_cv_header_memory_h=yes
ac_cv_header_stdc=yes
ac_cv_header_stdint_h=yes
ac_cv_header_stdlib_h=yes
ac_cv_header_string_h=yes
ac_cv_header_strings_h=yes
ac_cv_header_sys_stat_h=yes
ac_cv_header_sys_types_h=yes
ac_cv_header_unistd_h=yes
ac_cv_host=x86_64-unknown-linux-gnu
ac_cv_objext=o
ac_cv_path_AR=/usr/local/bin/ar
ac_cv_path_EGREP='/usr/local/bin/grep -E'
ac_cv_path_GREP=/usr/local/bin/grep
ac_cv_prog_CPP='gcc -E'
ac_cv_prog_ac_ct_CC=gcc
ac_cv_prog_ac_ct_RANLIB=ranlib
ac_cv_prog_cc_c89=
ac_cv_prog_cc_c99=-std=gnu99
ac_cv_prog_cc_g=yes
ac_cv_prog_cc_stdc=-std=gnu99
ac_cv_sys_file_offset_bits=no
ac_cv_sys_largefile_CC=no
ac_cv_sys_largefile_source=no
ac_cv_type_off_t=yes
ax_cv_c_compiler_vendor=gnu
ax_cv_c_flags__O3__fomit_frame_pointer__malign_double__fstrict_aliasing=yes
ax_cv_c_flags__fstrict_aliasing=yes
ax_cv_c_flags__malign_double=yes
ax_cv_c_flags__march_pentiumpro=no
ax_cv_c_flags__mcpu_pentiumpro=no
ax_cv_c_flags__mpentiumpro=no
ax_cv_c_flags__msse2=yes
ax_cv_gcc_archflag=unknown
ax_cv_gcc_x86_cpuid_0=f:756e6547:6c65746e:49656e69
ax_cv_gcc_x86_cpuid_1=306f2:4100800:7ffefbff:bfebfbff

## ----------------- ##
## Output variables. ##
## ----------------- ##

AR='/usr/local/bin/ar'
CC='gcc -std=gnu99'
CFLAGS='-O3 -fomit-frame-pointer -malign-double -fstrict-aliasing'
CPP='gcc -E'
CPPFLAGS=''
DEFS='-DHAVE_CONFIG_H'
EASEL_COPYRIGHT='Copyright (C) 2008 Howard Hughes Medical Institute'
EASEL_DATE='June 2008'
EASEL_LICENSE='Freely distributed under the Janelia Farm Software License.'
EASEL_URL='http://easel.janelia.org/'
EASEL_VERSION='0.1.snap20080611'
ECHO_C=''
ECHO_N='-n'
ECHO_T=''
EGREP='/usr/local/bin/grep -E'
EXEC_DEPENDENCY='%: %.o'
EXEEXT=''
GREP='/usr/local/bin/grep'
LDFLAGS=''
LIBGSL=''
LIBOBJS=''
LIBS=''
LTLIBOBJS=''
MPICC=''
MPILIBS=''
OBJEXT='o'
PACKAGE_BUGREPORT='eddys@janelia.hhmi.org'
PACKAGE_NAME='Easel'
PACKAGE_STRING='Easel 0.1.snap20080611'
PACKAGE_TARNAME='easel'
PACKAGE_VERSION='0.1.snap20080611'
PATH_SEPARATOR=':'
PRTDIAG=''
RANLIB='ranlib'
SHELL='/bin/sh'
SIMD_CFLAGS='-msse2'
ac_ct_CC='gcc'
bindir='${exec_prefix}/bin'
build='x86_64-unknown-linux-gnu'
build_alias=''
build_cpu='x86_64'
build_os='linux-gnu'
build_vendor='unknown'
datadir='${datarootdir}'
datarootdir='${prefix}/share'
docdir='${datarootdir}/doc/${PACKAGE_TARNAME}'
dvidir='${docdir}'
exec_prefix='${prefix}'
host='x86_64-unknown-linux-gnu'
host_alias=''
host_cpu='x86_64'
host_os='linux-gnu'
host_vendor='unknown'
htmldir='${docdir}'
includedir='${prefix}/include'
infodir='${datarootdir}/info'
libdir='${exec_prefix}/lib'
libexecdir='${exec_prefix}/libexec'
localedir='${datarootdir}/locale'
localstatedir='${prefix}/var'
mandir='${datarootdir}/man'
oldincludedir='/usr/include'
pdfdir='${docdir}'
prefix='/usr/local'
program_transform_name='s,x,x,'
psdir='${docdir}'
sbindir='${exec_prefix}/sbin'
sharedstatedir='${prefix}/com'
sysconfdir='${prefix}/etc'
target_alias=''

## ----------- ##
## confdefs.h. ##
## ----------- ##

#define PACKAGE_NAME "Easel"
#define PACKAGE_TARNAME "easel"
#define PACKAGE_VERSION "0.1.snap20080611"
#define PACKAGE_STRING "Easel 0.1.snap20080611"
#define PACKAGE_BUGREPORT "eddys@janelia.hhmi.org"
#define EASEL_DATE "June 2008"
#define EASEL_COPYRIGHT "Copyright (C) 2008 Howard Hughes Medical Institute"
#define EASEL_LICENSE "Freely distributed under the Janelia Farm Software License."
#define EASEL_VERSION "0.1.snap20080611"
#define eslAUGMENT_ALPHABET 1
#define eslAUGMENT_DMATRIX 1
#define eslAUGMENT_FILEPARSER 1
#define eslAUGMENT_GEV 1
#define eslAUGMENT_GUMBEL 1
#define eslAUGMENT_HISTOGRAM 1
#define eslAUGMENT_KEYHASH 1
#define eslAUGMENT_MINIMIZER 1
#define eslAUGMENT_MSA 1
#define eslAUGMENT_RANDOM 1
#define eslAUGMENT_SSI 1
#define eslAUGMENT_STATS 1
#define eslLIBRARY 1
#define eslDEBUGLEVEL 0
#define STDC_HEADERS 1
#define HAVE_SYS_TYPES_H 1
#define HAVE_SYS_STAT_H 1
#define HAVE_STDLIB_H 1
#define HAVE_STRING_H 1
#define HAVE_MEMORY_H 1
#define HAVE_STRINGS_H 1
#define HAVE_INTTYPES_H 1
#define HAVE_STDINT_H 1
#define HAVE_UNISTD_H 1
#define HAVE_SSE2 1
#define HAVE_SYS_TYPES_H 1
#define HAVE_UNISTD_H 1
#define HAVE_STDINT_H 1
#define HAVE_INTTYPES_H 1
#define HAVE_MKSTEMP 1
#define HAVE_POPEN 1
#define HAVE_STRCASECMP 1
#define HAVE_TIMES 1
#define HAVE_FSEEKO 1

configure: exit 0
