This file contains any messages produced by compilers while
running configure, to aid debugging if configure makes a mistake.

It was created by Infernal configure 1.0.2, which was
generated by GNU Autoconf 2.63.  Invocation command line was

  $ ./configure 

## --------- ##
## Platform. ##
## --------- ##

hostname = brownlabserver1.otago.ac.nz
uname -m = x86_64
uname -r = 3.10.0-693.5.2.el7.x86_64
uname -s = Linux
uname -v = #1 SMP Fri Oct 13 10:46:25 EDT 2017

/usr/bin/uname -p = x86_64
/bin/uname -X     = unknown

/bin/arch              = x86_64
/usr/bin/arch -k       = unknown
/usr/convex/getsysinfo = unknown
/usr/bin/hostinfo      = unknown
/bin/machine           = unknown
/usr/bin/oslevel       = unknown
/bin/universe          = unknown

PATH: ./
PATH: /usr/local/bin
PATH: /usr/bin
PATH: /root/bin
PATH: /usr/local/bin/anaconda2/bin
PATH: /usr/local/bin/bin
PATH: /sbin
PATH: /bin
PATH: /usr/sbin
PATH: /usr/bin
PATH: /root/.cabal/bin


## ----------- ##
## Core tests. ##
## ----------- ##

configure:1842: Configuring Infernal for your system.
configure:1988: checking build system type
configure:2006: result: x86_64-unknown-linux-gnu
configure:2028: checking host system type
configure:2043: result: x86_64-unknown-linux-gnu
configure:2076: Full Infernal source distribution - using full configuration
configure:2253: checking for gcc
configure:2269: found /usr/local/bin/gcc
configure:2280: result: gcc
configure:2512: checking for C compiler version
configure:2520: gcc --version >&5
gcc (GCC) 4.8.5 20150623 (Red Hat 4.8.5-16)
Copyright (C) 2015 Free Software Foundation, Inc.
This is free software; see the source for copying conditions.  There is NO
warranty; not even for MERCHANTABILITY or FITNESS FOR A PARTICULAR PURPOSE.

configure:2524: $? = 0
configure:2531: gcc -v >&5
Using built-in specs.
COLLECT_GCC=gcc
COLLECT_LTO_WRAPPER=/usr/libexec/gcc/x86_64-redhat-linux/4.8.5/lto-wrapper
Target: x86_64-redhat-linux
Configured with: ../configure --prefix=/usr --mandir=/usr/share/man --infodir=/usr/share/info --with-bugurl=http://bugzilla.redhat.com/bugzilla --enable-bootstrap --enable-shared --enable-threads=posix --enable-checking=release --with-system-zlib --enable-__cxa_atexit --disable-libunwind-exceptions --enable-gnu-unique-object --enable-linker-build-id --with-linker-hash-style=gnu --enable-languages=c,c++,objc,obj-c++,java,fortran,ada,go,lto --enable-plugin --enable-initfini-array --disable-libgcj --with-isl=/builddir/build/BUILD/gcc-4.8.5-20150702/obj-x86_64-redhat-linux/isl-install --with-cloog=/builddir/build/BUILD/gcc-4.8.5-20150702/obj-x86_64-redhat-linux/cloog-install --enable-gnu-indirect-function --with-tune=generic --with-arch_32=x86-64 --build=x86_64-redhat-linux
Thread model: posix
gcc version 4.8.5 20150623 (Red Hat 4.8.5-16) (GCC) 
configure:2535: $? = 0
configure:2542: gcc -V >&5
gcc: error: unrecognized command line option '-V'
gcc: fatal error: no input files
compilation terminated.
configure:2546: $? = 4
configure:2569: checking for C compiler default output file name
configure:2591: gcc    conftest.c  >&5
configure:2595: $? = 0
configure:2633: result: a.out
configure:2652: checking whether the C compiler works
configure:2662: ./a.out
configure:2666: $? = 0
configure:2685: result: yes
configure:2692: checking whether we are cross compiling
configure:2694: result: no
configure:2697: checking for suffix of executables
configure:2704: gcc -o conftest    conftest.c  >&5
configure:2708: $? = 0
configure:2734: result: 
configure:2740: checking for suffix of object files
configure:2766: gcc -c   conftest.c >&5
configure:2770: $? = 0
configure:2795: result: o
configure:2799: checking whether we are using the GNU C compiler
configure:2828: gcc -c   conftest.c >&5
configure:2835: $? = 0
configure:2852: result: yes
configure:2861: checking whether gcc accepts -g
configure:2891: gcc -c -g  conftest.c >&5
configure:2898: $? = 0
configure:2999: result: yes
configure:3016: checking for gcc option to accept ISO C89
configure:3090: gcc  -c -g -O2  conftest.c >&5
configure:3097: $? = 0
configure:3120: result: none needed
configure:3505: checking how to run the C preprocessor
configure:3545: gcc -E  conftest.c
configure:3552: $? = 0
configure:3583: gcc -E  conftest.c
conftest.c:19:28: fatal error: ac_nonexistent.h: No such file or directory
 #include <ac_nonexistent.h>
                            ^
compilation terminated.
configure:3590: $? = 1
configure: failed program was:
| /* confdefs.h.  */
| #define PACKAGE_NAME "Infernal"
| #define PACKAGE_TARNAME "infernal"
| #define PACKAGE_VERSION "1.0.2"
| #define PACKAGE_STRING "Infernal 1.0.2"
| #define PACKAGE_BUGREPORT "eddys@janelia.hhmi.org"
| #define PACKAGE_DATE "October 2009"
| #define PACKAGE_COPYRIGHT "Copyright (C) 2009 HHMI Janelia Farm Research Campus"
| #define PACKAGE_LICENSE "Freely distributed under the GNU General Public License (GPLv3)"
| #define PACKAGE_VERSION "1.0.2"
| #define EASEL_DATE "October 2009"
| #define EASEL_COPYRIGHT "Copyright (C) 2009 HHMI Janelia Farm Research Campus"
| #define EASEL_LICENSE "Freely distributed under the Janelia Software License."
| #define EASEL_VERSION "i1.0.2"
| #define eslLIBRARY 1
| #define cm_DEBUGLEVEL 0
| #define eslDEBUGLEVEL 0
| /* end confdefs.h.  */
| #include <ac_nonexistent.h>
configure:3623: result: gcc -E
configure:3652: gcc -E  conftest.c
configure:3659: $? = 0
configure:3690: gcc -E  conftest.c
conftest.c:19:28: fatal error: ac_nonexistent.h: No such file or directory
 #include <ac_nonexistent.h>
                            ^
compilation terminated.
configure:3697: $? = 1
configure: failed program was:
| /* confdefs.h.  */
| #define PACKAGE_NAME "Infernal"
| #define PACKAGE_TARNAME "infernal"
| #define PACKAGE_VERSION "1.0.2"
| #define PACKAGE_STRING "Infernal 1.0.2"
| #define PACKAGE_BUGREPORT "eddys@janelia.hhmi.org"
| #define PACKAGE_DATE "October 2009"
| #define PACKAGE_COPYRIGHT "Copyright (C) 2009 HHMI Janelia Farm Research Campus"
| #define PACKAGE_LICENSE "Freely distributed under the GNU General Public License (GPLv3)"
| #define PACKAGE_VERSION "1.0.2"
| #define EASEL_DATE "October 2009"
| #define EASEL_COPYRIGHT "Copyright (C) 2009 HHMI Janelia Farm Research Campus"
| #define EASEL_LICENSE "Freely distributed under the Janelia Software License."
| #define EASEL_VERSION "i1.0.2"
| #define eslLIBRARY 1
| #define cm_DEBUGLEVEL 0
| #define eslDEBUGLEVEL 0
| /* end confdefs.h.  */
| #include <ac_nonexistent.h>
configure:3737: checking for C compiler vendor
configure:3771: gcc -c -g -O2  conftest.c >&5
conftest.c: In function 'main':
conftest.c:25:7: error: 'thisisanerror' undeclared (first use in this function)
       thisisanerror;
       ^
conftest.c:25:7: note: each undeclared identifier is reported only once for each function it appears in
configure:3778: $? = 1
configure: failed program was:
| /* confdefs.h.  */
| #define PACKAGE_NAME "Infernal"
| #define PACKAGE_TARNAME "infernal"
| #define PACKAGE_VERSION "1.0.2"
| #define PACKAGE_STRING "Infernal 1.0.2"
| #define PACKAGE_BUGREPORT "eddys@janelia.hhmi.org"
| #define PACKAGE_DATE "October 2009"
| #define PACKAGE_COPYRIGHT "Copyright (C) 2009 HHMI Janelia Farm Research Campus"
| #define PACKAGE_LICENSE "Freely distributed under the GNU General Public License (GPLv3)"
| #define PACKAGE_VERSION "1.0.2"
| #define EASEL_DATE "October 2009"
| #define EASEL_COPYRIGHT "Copyright (C) 2009 HHMI Janelia Farm Research Campus"
| #define EASEL_LICENSE "Freely distributed under the Janelia Software License."
| #define EASEL_VERSION "i1.0.2"
| #define eslLIBRARY 1
| #define cm_DEBUGLEVEL 0
| #define eslDEBUGLEVEL 0
| /* end confdefs.h.  */
| 
| int
| main ()
| {
| 
| #if !(defined(__ICC) || defined(__ECC) || defined(__INTEL_COMPILER))
|       thisisanerror;
| #endif
| 
|   ;
|   return 0;
| }
configure:3771: gcc -c -g -O2  conftest.c >&5
conftest.c: In function 'main':
conftest.c:25:7: error: 'thisisanerror' undeclared (first use in this function)
       thisisanerror;
       ^
conftest.c:25:7: note: each undeclared identifier is reported only once for each function it appears in
configure:3778: $? = 1
configure: failed program was:
| /* confdefs.h.  */
| #define PACKAGE_NAME "Infernal"
| #define PACKAGE_TARNAME "infernal"
| #define PACKAGE_VERSION "1.0.2"
| #define PACKAGE_STRING "Infernal 1.0.2"
| #define PACKAGE_BUGREPORT "eddys@janelia.hhmi.org"
| #define PACKAGE_DATE "October 2009"
| #define PACKAGE_COPYRIGHT "Copyright (C) 2009 HHMI Janelia Farm Research Campus"
| #define PACKAGE_LICENSE "Freely distributed under the GNU General Public License (GPLv3)"
| #define PACKAGE_VERSION "1.0.2"
| #define EASEL_DATE "October 2009"
| #define EASEL_COPYRIGHT "Copyright (C) 2009 HHMI Janelia Farm Research Campus"
| #define EASEL_LICENSE "Freely distributed under the Janelia Software License."
| #define EASEL_VERSION "i1.0.2"
| #define eslLIBRARY 1
| #define cm_DEBUGLEVEL 0
| #define eslDEBUGLEVEL 0
| /* end confdefs.h.  */
| 
| int
| main ()
| {
| 
| #if !(defined(__xlc__) || defined(__xlC__) || defined(__IBMC__) || defined(__IBMCPP__))
|       thisisanerror;
| #endif
| 
|   ;
|   return 0;
| }
configure:3771: gcc -c -g -O2  conftest.c >&5
conftest.c: In function 'main':
conftest.c:25:7: error: 'thisisanerror' undeclared (first use in this function)
       thisisanerror;
       ^
conftest.c:25:7: note: each undeclared identifier is reported only once for each function it appears in
configure:3778: $? = 1
configure: failed program was:
| /* confdefs.h.  */
| #define PACKAGE_NAME "Infernal"
| #define PACKAGE_TARNAME "infernal"
| #define PACKAGE_VERSION "1.0.2"
| #define PACKAGE_STRING "Infernal 1.0.2"
| #define PACKAGE_BUGREPORT "eddys@janelia.hhmi.org"
| #define PACKAGE_DATE "October 2009"
| #define PACKAGE_COPYRIGHT "Copyright (C) 2009 HHMI Janelia Farm Research Campus"
| #define PACKAGE_LICENSE "Freely distributed under the GNU General Public License (GPLv3)"
| #define PACKAGE_VERSION "1.0.2"
| #define EASEL_DATE "October 2009"
| #define EASEL_COPYRIGHT "Copyright (C) 2009 HHMI Janelia Farm Research Campus"
| #define EASEL_LICENSE "Freely distributed under the Janelia Software License."
| #define EASEL_VERSION "i1.0.2"
| #define eslLIBRARY 1
| #define cm_DEBUGLEVEL 0
| #define eslDEBUGLEVEL 0
| /* end confdefs.h.  */
| 
| int
| main ()
| {
| 
| #if !(defined(__PATHCC__) || defined(__PATHSCALE__))
|       thisisanerror;
| #endif
| 
|   ;
|   return 0;
| }
configure:3771: gcc -c -g -O2  conftest.c >&5
configure:3778: $? = 0
configure:3795: result: gnu
configure:3802: checking for gcc option to accept ISO C99
configure:3961: gcc  -c -g -O2  conftest.c >&5
conftest.c:69:29: error: expected ';', ',' or ')' before 'text'
 test_restrict (ccp restrict text)
                             ^
conftest.c: In function 'main':
conftest.c:123:18: error: expected '=', ',', ';', 'asm' or '__attribute__' before 'newvar'
   char *restrict newvar = "Another string";
                  ^
conftest.c:123:18: error: 'newvar' undeclared (first use in this function)
conftest.c:123:18: note: each undeclared identifier is reported only once for each function it appears in
conftest.c:133:3: error: 'for' loop initial declarations are only allowed in C99 mode
   for (int i = 0; i < ia->datasize; ++i)
   ^
conftest.c:133:3: note: use option -std=c99 or -std=gnu99 to compile your code
configure:3968: $? = 1
configure: failed program was:
| /* confdefs.h.  */
| #define PACKAGE_NAME "Infernal"
| #define PACKAGE_TARNAME "infernal"
| #define PACKAGE_VERSION "1.0.2"
| #define PACKAGE_STRING "Infernal 1.0.2"
| #define PACKAGE_BUGREPORT "eddys@janelia.hhmi.org"
| #define PACKAGE_DATE "October 2009"
| #define PACKAGE_COPYRIGHT "Copyright (C) 2009 HHMI Janelia Farm Research Campus"
| #define PACKAGE_LICENSE "Freely distributed under the GNU General Public License (GPLv3)"
| #define PACKAGE_VERSION "1.0.2"
| #define EASEL_DATE "October 2009"
| #define EASEL_COPYRIGHT "Copyright (C) 2009 HHMI Janelia Farm Research Campus"
| #define EASEL_LICENSE "Freely distributed under the Janelia Software License."
| #define EASEL_VERSION "i1.0.2"
| #define eslLIBRARY 1
| #define cm_DEBUGLEVEL 0
| #define eslDEBUGLEVEL 0
| /* end confdefs.h.  */
| #include <stdarg.h>
| #include <stdbool.h>
| #include <stdlib.h>
| #include <wchar.h>
| #include <stdio.h>
| 
| // Check varargs macros.  These examples are taken from C99 6.10.3.5.
| #define debug(...) fprintf (stderr, __VA_ARGS__)
| #define showlist(...) puts (#__VA_ARGS__)
| #define report(test,...) ((test) ? puts (#test) : printf (__VA_ARGS__))
| static void
| test_varargs_macros (void)
| {
|   int x = 1234;
|   int y = 5678;
|   debug ("Flag");
|   debug ("X = %d\n", x);
|   showlist (The first, second, and third items.);
|   report (x>y, "x is %d but y is %d", x, y);
| }
| 
| // Check long long types.
| #define BIG64 18446744073709551615ull
| #define BIG32 4294967295ul
| #define BIG_OK (BIG64 / BIG32 == 4294967297ull && BIG64 % BIG32 == 0)
| #if !BIG_OK
|   your preprocessor is broken;
| #endif
| #if BIG_OK
| #else
|   your preprocessor is broken;
| #endif
| static long long int bignum = -9223372036854775807LL;
| static unsigned long long int ubignum = BIG64;
| 
| struct incomplete_array
| {
|   int datasize;
|   double data[];
| };
| 
| struct named_init {
|   int number;
|   const wchar_t *name;
|   double average;
| };
| 
| typedef const char *ccp;
| 
| static inline int
| test_restrict (ccp restrict text)
| {
|   // See if C++-style comments work.
|   // Iterate through items via the restricted pointer.
|   // Also check for declarations in for loops.
|   for (unsigned int i = 0; *(text+i) != '\0'; ++i)
|     continue;
|   return 0;
| }
| 
| // Check varargs and va_copy.
| static void
| test_varargs (const char *format, ...)
| {
|   va_list args;
|   va_start (args, format);
|   va_list args_copy;
|   va_copy (args_copy, args);
| 
|   const char *str;
|   int number;
|   float fnumber;
| 
|   while (*format)
|     {
|       switch (*format++)
| 	{
| 	case 's': // string
| 	  str = va_arg (args_copy, const char *);
| 	  break;
| 	case 'd': // int
| 	  number = va_arg (args_copy, int);
| 	  break;
| 	case 'f': // float
| 	  fnumber = va_arg (args_copy, double);
| 	  break;
| 	default:
| 	  break;
| 	}
|     }
|   va_end (args_copy);
|   va_end (args);
| }
| 
| int
| main ()
| {
| 
|   // Check bool.
|   _Bool success = false;
| 
|   // Check restrict.
|   if (test_restrict ("String literal") == 0)
|     success = true;
|   char *restrict newvar = "Another string";
| 
|   // Check varargs.
|   test_varargs ("s, d' f .", "string", 65, 34.234);
|   test_varargs_macros ();
| 
|   // Check flexible array members.
|   struct incomplete_array *ia =
|     malloc (sizeof (struct incomplete_array) + (sizeof (double) * 10));
|   ia->datasize = 10;
|   for (int i = 0; i < ia->datasize; ++i)
|     ia->data[i] = i * 1.234;
| 
|   // Check named initializers.
|   struct named_init ni = {
|     .number = 34,
|     .name = L"Test wide string",
|     .average = 543.34343,
|   };
| 
|   ni.number = 58;
| 
|   int dynamic_array[ni.number];
|   dynamic_array[ni.number - 1] = 543;
| 
|   // work around unused variable warnings
|   return (!success || bignum == 0LL || ubignum == 0uLL || newvar[0] == 'x'
| 	  || dynamic_array[ni.number - 1] != 543);
| 
|   ;
|   return 0;
| }
configure:3961: gcc -std=gnu99 -c -g -O2  conftest.c >&5
configure:3968: $? = 0
configure:3998: result: -std=gnu99
configure:4129: checking for gcc -std=gnu99 option to accept ISO Standard C
configure:4140: result: -std=gnu99
configure:4189: checking for ranlib
configure:4205: found /usr/local/bin/ranlib
configure:4216: result: ranlib
configure:4240: checking for ar
configure:4259: found /usr/local/bin/ar
configure:4272: result: /usr/local/bin/ar
configure:4281: checking whether your make is GNU make
configure:4289: result: yes, it is.
configure:4674: checking whether C compiler accepts -malign-double
configure:4703: gcc -std=gnu99 -c -malign-double  conftest.c >&5
configure:4710: $? = 0
configure:4728: result: yes
configure:4738: checking whether C compiler accepts -fstrict-aliasing
configure:4767: gcc -std=gnu99 -c -fstrict-aliasing  conftest.c >&5
configure:4774: $? = 0
configure:4792: result: yes
configure:4817: checking for gcc architecture flag
configure:4819: result: 
configure:4841: checking for x86 cpuid 0 output
configure:4880: gcc -std=gnu99 -o conftest -O3 -fomit-frame-pointer -malign-double -fstrict-aliasing   conftest.c  >&5
configure:4884: $? = 0
configure:4890: ./conftest
configure:4894: $? = 0
configure:4911: result: f:756e6547:6c65746e:49656e69
configure:4927: checking for x86 cpuid 1 output
configure:4966: gcc -std=gnu99 -o conftest -O3 -fomit-frame-pointer -malign-double -fstrict-aliasing   conftest.c  >&5
configure:4970: $? = 0
configure:4976: ./conftest
configure:4980: $? = 0
configure:4997: result: 306f2:12100800:7ffefbff:bfebfbff
configure:5242: checking whether C compiler accepts -march=pentiumpro
configure:5267: gcc -std=gnu99 -c -march=pentiumpro  conftest.c >&5
conftest.c:1:0: error: CPU you selected does not support x86-64 instruction set
 /* confdefs.h.  */
 ^
conftest.c:1:0: error: CPU you selected does not support x86-64 instruction set
configure:5274: $? = 1
configure: failed program was:
| /* confdefs.h.  */
| #define PACKAGE_NAME "Infernal"
| #define PACKAGE_TARNAME "infernal"
| #define PACKAGE_VERSION "1.0.2"
| #define PACKAGE_STRING "Infernal 1.0.2"
| #define PACKAGE_BUGREPORT "eddys@janelia.hhmi.org"
| #define PACKAGE_DATE "October 2009"
| #define PACKAGE_COPYRIGHT "Copyright (C) 2009 HHMI Janelia Farm Research Campus"
| #define PACKAGE_LICENSE "Freely distributed under the GNU General Public License (GPLv3)"
| #define PACKAGE_VERSION "1.0.2"
| #define EASEL_DATE "October 2009"
| #define EASEL_COPYRIGHT "Copyright (C) 2009 HHMI Janelia Farm Research Campus"
| #define EASEL_LICENSE "Freely distributed under the Janelia Software License."
| #define EASEL_VERSION "i1.0.2"
| #define eslLIBRARY 1
| #define cm_DEBUGLEVEL 0
| #define eslDEBUGLEVEL 0
| /* end confdefs.h.  */
| 
| int
| main ()
| {
| 
|   ;
|   return 0;
| }
configure:5290: result: no
configure:5242: checking whether C compiler accepts -mcpu=pentiumpro
configure:5267: gcc -std=gnu99 -c -mcpu=pentiumpro  conftest.c >&5
gcc: warning: '-mcpu=' is deprecated; use '-mtune=' or '-march=' instead
conftest.c:1:0: error: CPU you selected does not support x86-64 instruction set
 /* confdefs.h.  */
 ^
configure:5274: $? = 1
configure: failed program was:
| /* confdefs.h.  */
| #define PACKAGE_NAME "Infernal"
| #define PACKAGE_TARNAME "infernal"
| #define PACKAGE_VERSION "1.0.2"
| #define PACKAGE_STRING "Infernal 1.0.2"
| #define PACKAGE_BUGREPORT "eddys@janelia.hhmi.org"
| #define PACKAGE_DATE "October 2009"
| #define PACKAGE_COPYRIGHT "Copyright (C) 2009 HHMI Janelia Farm Research Campus"
| #define PACKAGE_LICENSE "Freely distributed under the GNU General Public License (GPLv3)"
| #define PACKAGE_VERSION "1.0.2"
| #define EASEL_DATE "October 2009"
| #define EASEL_COPYRIGHT "Copyright (C) 2009 HHMI Janelia Farm Research Campus"
| #define EASEL_LICENSE "Freely distributed under the Janelia Software License."
| #define EASEL_VERSION "i1.0.2"
| #define eslLIBRARY 1
| #define cm_DEBUGLEVEL 0
| #define eslDEBUGLEVEL 0
| /* end confdefs.h.  */
| 
| int
| main ()
| {
| 
|   ;
|   return 0;
| }
configure:5290: result: no
configure:5242: checking whether C compiler accepts -mpentiumpro
configure:5267: gcc -std=gnu99 -c -mpentiumpro  conftest.c >&5
gcc: error: unrecognized command line option '-mpentiumpro'
configure:5274: $? = 1
configure: failed program was:
| /* confdefs.h.  */
| #define PACKAGE_NAME "Infernal"
| #define PACKAGE_TARNAME "infernal"
| #define PACKAGE_VERSION "1.0.2"
| #define PACKAGE_STRING "Infernal 1.0.2"
| #define PACKAGE_BUGREPORT "eddys@janelia.hhmi.org"
| #define PACKAGE_DATE "October 2009"
| #define PACKAGE_COPYRIGHT "Copyright (C) 2009 HHMI Janelia Farm Research Campus"
| #define PACKAGE_LICENSE "Freely distributed under the GNU General Public License (GPLv3)"
| #define PACKAGE_VERSION "1.0.2"
| #define EASEL_DATE "October 2009"
| #define EASEL_COPYRIGHT "Copyright (C) 2009 HHMI Janelia Farm Research Campus"
| #define EASEL_LICENSE "Freely distributed under the Janelia Software License."
| #define EASEL_VERSION "i1.0.2"
| #define eslLIBRARY 1
| #define cm_DEBUGLEVEL 0
| #define eslDEBUGLEVEL 0
| /* end confdefs.h.  */
| 
| int
| main ()
| {
| 
|   ;
|   return 0;
| }
configure:5290: result: no
configure:5307: checking for gcc architecture flag
configure:5309: result: unknown
configure:5331: checking whether C compiler accepts -O3 -fomit-frame-pointer -malign-double -fstrict-aliasing
configure:5356: gcc -std=gnu99 -c -O3 -fomit-frame-pointer -malign-double -fstrict-aliasing  conftest.c >&5
configure:5363: $? = 0
configure:5379: result: yes
configure:5417: checking for grep that handles long lines and -e
configure:5477: result: /usr/local/bin/grep
configure:5482: checking for egrep
configure:5546: result: /usr/local/bin/grep -E
configure:5551: checking for ANSI C header files
configure:5581: gcc -std=gnu99 -c -O3 -fomit-frame-pointer -malign-double -fstrict-aliasing  conftest.c >&5
configure:5588: $? = 0
configure:5687: gcc -std=gnu99 -o conftest -O3 -fomit-frame-pointer -malign-double -fstrict-aliasing   conftest.c  >&5
configure:5691: $? = 0
configure:5697: ./conftest
configure:5701: $? = 0
configure:5719: result: yes
configure:5743: checking for sys/types.h
configure:5764: gcc -std=gnu99 -c -O3 -fomit-frame-pointer -malign-double -fstrict-aliasing  conftest.c >&5
configure:5771: $? = 0
configure:5788: result: yes
configure:5743: checking for sys/stat.h
configure:5764: gcc -std=gnu99 -c -O3 -fomit-frame-pointer -malign-double -fstrict-aliasing  conftest.c >&5
configure:5771: $? = 0
configure:5788: result: yes
configure:5743: checking for stdlib.h
configure:5764: gcc -std=gnu99 -c -O3 -fomit-frame-pointer -malign-double -fstrict-aliasing  conftest.c >&5
configure:5771: $? = 0
configure:5788: result: yes
configure:5743: checking for string.h
configure:5764: gcc -std=gnu99 -c -O3 -fomit-frame-pointer -malign-double -fstrict-aliasing  conftest.c >&5
configure:5771: $? = 0
configure:5788: result: yes
configure:5743: checking for memory.h
configure:5764: gcc -std=gnu99 -c -O3 -fomit-frame-pointer -malign-double -fstrict-aliasing  conftest.c >&5
configure:5771: $? = 0
configure:5788: result: yes
configure:5743: checking for strings.h
configure:5764: gcc -std=gnu99 -c -O3 -fomit-frame-pointer -malign-double -fstrict-aliasing  conftest.c >&5
configure:5771: $? = 0
configure:5788: result: yes
configure:5743: checking for inttypes.h
configure:5764: gcc -std=gnu99 -c -O3 -fomit-frame-pointer -malign-double -fstrict-aliasing  conftest.c >&5
configure:5771: $? = 0
configure:5788: result: yes
configure:5743: checking for stdint.h
configure:5764: gcc -std=gnu99 -c -O3 -fomit-frame-pointer -malign-double -fstrict-aliasing  conftest.c >&5
configure:5771: $? = 0
configure:5788: result: yes
configure:5743: checking for unistd.h
configure:5764: gcc -std=gnu99 -c -O3 -fomit-frame-pointer -malign-double -fstrict-aliasing  conftest.c >&5
configure:5771: $? = 0
configure:5788: result: yes
configure:5812: checking emmintrin.h usability
configure:5829: gcc -std=gnu99 -c -O3 -fomit-frame-pointer -malign-double -fstrict-aliasing  conftest.c >&5
configure:5836: $? = 0
configure:5850: result: yes
configure:5854: checking emmintrin.h presence
configure:5869: gcc -E  conftest.c
configure:5876: $? = 0
configure:5890: result: yes
configure:5923: checking for emmintrin.h
configure:5930: result: yes
configure:5936: checking if platform can run SSE/SSE2 instructions
configure:5968: gcc -std=gnu99 -o conftest -O3 -fomit-frame-pointer -malign-double -fstrict-aliasing   conftest.c  >&5
configure:5972: $? = 0
configure:5978: ./conftest
configure:5982: $? = 0
configure:5984: result: yes
configure:6008: checking whether C compiler accepts -msse2
configure:6037: gcc -std=gnu99 -c -msse2  conftest.c >&5
configure:6044: $? = 0
configure:6062: result: yes
configure:6512: checking for sys/types.h
configure:6519: result: yes
configure:6512: checking for unistd.h
configure:6519: result: yes
configure:6512: checking for stdint.h
configure:6519: result: yes
configure:6512: checking for inttypes.h
configure:6519: result: yes
configure:6824: checking whether byte ordering is bigendian
configure:6849: gcc -std=gnu99 -c -O3 -fomit-frame-pointer -malign-double -fstrict-aliasing  conftest.c >&5
conftest.c:35:9: error: unknown type name 'not'
         not a universal capable compiler
         ^
conftest.c:35:15: error: expected '=', ',', ';', 'asm' or '__attribute__' before 'universal'
         not a universal capable compiler
               ^
conftest.c:35:15: error: unknown type name 'universal'
configure:6856: $? = 1
configure: failed program was:
| /* confdefs.h.  */
| #define PACKAGE_NAME "Infernal"
| #define PACKAGE_TARNAME "infernal"
| #define PACKAGE_VERSION "1.0.2"
| #define PACKAGE_STRING "Infernal 1.0.2"
| #define PACKAGE_BUGREPORT "eddys@janelia.hhmi.org"
| #define PACKAGE_DATE "October 2009"
| #define PACKAGE_COPYRIGHT "Copyright (C) 2009 HHMI Janelia Farm Research Campus"
| #define PACKAGE_LICENSE "Freely distributed under the GNU General Public License (GPLv3)"
| #define PACKAGE_VERSION "1.0.2"
| #define EASEL_DATE "October 2009"
| #define EASEL_COPYRIGHT "Copyright (C) 2009 HHMI Janelia Farm Research Campus"
| #define EASEL_LICENSE "Freely distributed under the Janelia Software License."
| #define EASEL_VERSION "i1.0.2"
| #define eslLIBRARY 1
| #define cm_DEBUGLEVEL 0
| #define eslDEBUGLEVEL 0
| #define STDC_HEADERS 1
| #define HAVE_SYS_TYPES_H 1
| #define HAVE_SYS_STAT_H 1
| #define HAVE_STDLIB_H 1
| #define HAVE_STRING_H 1
| #define HAVE_MEMORY_H 1
| #define HAVE_STRINGS_H 1
| #define HAVE_INTTYPES_H 1
| #define HAVE_STDINT_H 1
| #define HAVE_UNISTD_H 1
| #define HAVE_SSE2 1
| #define HAVE_SYS_TYPES_H 1
| #define HAVE_UNISTD_H 1
| #define HAVE_STDINT_H 1
| #define HAVE_INTTYPES_H 1
| /* end confdefs.h.  */
| #ifndef __APPLE_CC__
| 	       not a universal capable compiler
| 	     #endif
| 	     typedef int dummy;
| 
configure:6906: gcc -std=gnu99 -c -O3 -fomit-frame-pointer -malign-double -fstrict-aliasing  conftest.c >&5
configure:6913: $? = 0
configure:6945: gcc -std=gnu99 -c -O3 -fomit-frame-pointer -malign-double -fstrict-aliasing  conftest.c >&5
conftest.c: In function 'main':
conftest.c:41:4: error: unknown type name 'not'
    not big endian
    ^
conftest.c:41:12: error: expected '=', ',', ';', 'asm' or '__attribute__' before 'endian'
    not big endian
            ^
configure:6952: $? = 1
configure: failed program was:
| /* confdefs.h.  */
| #define PACKAGE_NAME "Infernal"
| #define PACKAGE_TARNAME "infernal"
| #define PACKAGE_VERSION "1.0.2"
| #define PACKAGE_STRING "Infernal 1.0.2"
| #define PACKAGE_BUGREPORT "eddys@janelia.hhmi.org"
| #define PACKAGE_DATE "October 2009"
| #define PACKAGE_COPYRIGHT "Copyright (C) 2009 HHMI Janelia Farm Research Campus"
| #define PACKAGE_LICENSE "Freely distributed under the GNU General Public License (GPLv3)"
| #define PACKAGE_VERSION "1.0.2"
| #define EASEL_DATE "October 2009"
| #define EASEL_COPYRIGHT "Copyright (C) 2009 HHMI Janelia Farm Research Campus"
| #define EASEL_LICENSE "Freely distributed under the Janelia Software License."
| #define EASEL_VERSION "i1.0.2"
| #define eslLIBRARY 1
| #define cm_DEBUGLEVEL 0
| #define eslDEBUGLEVEL 0
| #define STDC_HEADERS 1
| #define HAVE_SYS_TYPES_H 1
| #define HAVE_SYS_STAT_H 1
| #define HAVE_STDLIB_H 1
| #define HAVE_STRING_H 1
| #define HAVE_MEMORY_H 1
| #define HAVE_STRINGS_H 1
| #define HAVE_INTTYPES_H 1
| #define HAVE_STDINT_H 1
| #define HAVE_UNISTD_H 1
| #define HAVE_SSE2 1
| #define HAVE_SYS_TYPES_H 1
| #define HAVE_UNISTD_H 1
| #define HAVE_STDINT_H 1
| #define HAVE_INTTYPES_H 1
| /* end confdefs.h.  */
| #include <sys/types.h>
| 		#include <sys/param.h>
| 
| int
| main ()
| {
| #if BYTE_ORDER != BIG_ENDIAN
| 		 not big endian
| 		#endif
| 
|   ;
|   return 0;
| }
configure:7204: result: no
configure:7230: checking for int8_t
configure:7261: gcc -std=gnu99 -c -O3 -fomit-frame-pointer -malign-double -fstrict-aliasing  conftest.c >&5
configure:7268: $? = 0
configure:7297: gcc -std=gnu99 -c -O3 -fomit-frame-pointer -malign-double -fstrict-aliasing  conftest.c >&5
conftest.c: In function 'main':
conftest.c:70:12: error: size of array 'test_array' is negative
 static int test_array [1 - 2 * !((int8_t) ((((int8_t) 1 << (8 - 2)) - 1) * 2 + 1)
            ^
configure:7304: $? = 1
configure: failed program was:
| /* confdefs.h.  */
| #define PACKAGE_NAME "Infernal"
| #define PACKAGE_TARNAME "infernal"
| #define PACKAGE_VERSION "1.0.2"
| #define PACKAGE_STRING "Infernal 1.0.2"
| #define PACKAGE_BUGREPORT "eddys@janelia.hhmi.org"
| #define PACKAGE_DATE "October 2009"
| #define PACKAGE_COPYRIGHT "Copyright (C) 2009 HHMI Janelia Farm Research Campus"
| #define PACKAGE_LICENSE "Freely distributed under the GNU General Public License (GPLv3)"
| #define PACKAGE_VERSION "1.0.2"
| #define EASEL_DATE "October 2009"
| #define EASEL_COPYRIGHT "Copyright (C) 2009 HHMI Janelia Farm Research Campus"
| #define EASEL_LICENSE "Freely distributed under the Janelia Software License."
| #define EASEL_VERSION "i1.0.2"
| #define eslLIBRARY 1
| #define cm_DEBUGLEVEL 0
| #define eslDEBUGLEVEL 0
| #define STDC_HEADERS 1
| #define HAVE_SYS_TYPES_H 1
| #define HAVE_SYS_STAT_H 1
| #define HAVE_STDLIB_H 1
| #define HAVE_STRING_H 1
| #define HAVE_MEMORY_H 1
| #define HAVE_STRINGS_H 1
| #define HAVE_INTTYPES_H 1
| #define HAVE_STDINT_H 1
| #define HAVE_UNISTD_H 1
| #define HAVE_SSE2 1
| #define HAVE_SYS_TYPES_H 1
| #define HAVE_UNISTD_H 1
| #define HAVE_STDINT_H 1
| #define HAVE_INTTYPES_H 1
| /* end confdefs.h.  */
| #include <stdio.h>
| #ifdef HAVE_SYS_TYPES_H
| # include <sys/types.h>
| #endif
| #ifdef HAVE_SYS_STAT_H
| # include <sys/stat.h>
| #endif
| #ifdef STDC_HEADERS
| # include <stdlib.h>
| # include <stddef.h>
| #else
| # ifdef HAVE_STDLIB_H
| #  include <stdlib.h>
| # endif
| #endif
| #ifdef HAVE_STRING_H
| # if !defined STDC_HEADERS && defined HAVE_MEMORY_H
| #  include <memory.h>
| # endif
| # include <string.h>
| #endif
| #ifdef HAVE_STRINGS_H
| # include <strings.h>
| #endif
| #ifdef HAVE_INTTYPES_H
| # include <inttypes.h>
| #endif
| #ifdef HAVE_STDINT_H
| # include <stdint.h>
| #endif
| #ifdef HAVE_UNISTD_H
| # include <unistd.h>
| #endif
| int
| main ()
| {
| static int test_array [1 - 2 * !((int8_t) ((((int8_t) 1 << (8 - 2)) - 1) * 2 + 1)
| 		 < (int8_t) ((((int8_t) 1 << (8 - 2)) - 1) * 2 + 2))];
| test_array [0] = 0
| 
|   ;
|   return 0;
| }
configure:7333: result: yes
configure:7346: checking for int16_t
configure:7377: gcc -std=gnu99 -c -O3 -fomit-frame-pointer -malign-double -fstrict-aliasing  conftest.c >&5
configure:7384: $? = 0
configure:7413: gcc -std=gnu99 -c -O3 -fomit-frame-pointer -malign-double -fstrict-aliasing  conftest.c >&5
conftest.c: In function 'main':
conftest.c:70:12: error: size of array 'test_array' is negative
 static int test_array [1 - 2 * !((int16_t) ((((int16_t) 1 << (16 - 2)) - 1) * 2 + 1)
            ^
configure:7420: $? = 1
configure: failed program was:
| /* confdefs.h.  */
| #define PACKAGE_NAME "Infernal"
| #define PACKAGE_TARNAME "infernal"
| #define PACKAGE_VERSION "1.0.2"
| #define PACKAGE_STRING "Infernal 1.0.2"
| #define PACKAGE_BUGREPORT "eddys@janelia.hhmi.org"
| #define PACKAGE_DATE "October 2009"
| #define PACKAGE_COPYRIGHT "Copyright (C) 2009 HHMI Janelia Farm Research Campus"
| #define PACKAGE_LICENSE "Freely distributed under the GNU General Public License (GPLv3)"
| #define PACKAGE_VERSION "1.0.2"
| #define EASEL_DATE "October 2009"
| #define EASEL_COPYRIGHT "Copyright (C) 2009 HHMI Janelia Farm Research Campus"
| #define EASEL_LICENSE "Freely distributed under the Janelia Software License."
| #define EASEL_VERSION "i1.0.2"
| #define eslLIBRARY 1
| #define cm_DEBUGLEVEL 0
| #define eslDEBUGLEVEL 0
| #define STDC_HEADERS 1
| #define HAVE_SYS_TYPES_H 1
| #define HAVE_SYS_STAT_H 1
| #define HAVE_STDLIB_H 1
| #define HAVE_STRING_H 1
| #define HAVE_MEMORY_H 1
| #define HAVE_STRINGS_H 1
| #define HAVE_INTTYPES_H 1
| #define HAVE_STDINT_H 1
| #define HAVE_UNISTD_H 1
| #define HAVE_SSE2 1
| #define HAVE_SYS_TYPES_H 1
| #define HAVE_UNISTD_H 1
| #define HAVE_STDINT_H 1
| #define HAVE_INTTYPES_H 1
| /* end confdefs.h.  */
| #include <stdio.h>
| #ifdef HAVE_SYS_TYPES_H
| # include <sys/types.h>
| #endif
| #ifdef HAVE_SYS_STAT_H
| # include <sys/stat.h>
| #endif
| #ifdef STDC_HEADERS
| # include <stdlib.h>
| # include <stddef.h>
| #else
| # ifdef HAVE_STDLIB_H
| #  include <stdlib.h>
| # endif
| #endif
| #ifdef HAVE_STRING_H
| # if !defined STDC_HEADERS && defined HAVE_MEMORY_H
| #  include <memory.h>
| # endif
| # include <string.h>
| #endif
| #ifdef HAVE_STRINGS_H
| # include <strings.h>
| #endif
| #ifdef HAVE_INTTYPES_H
| # include <inttypes.h>
| #endif
| #ifdef HAVE_STDINT_H
| # include <stdint.h>
| #endif
| #ifdef HAVE_UNISTD_H
| # include <unistd.h>
| #endif
| int
| main ()
| {
| static int test_array [1 - 2 * !((int16_t) ((((int16_t) 1 << (16 - 2)) - 1) * 2 + 1)
| 		 < (int16_t) ((((int16_t) 1 << (16 - 2)) - 1) * 2 + 2))];
| test_array [0] = 0
| 
|   ;
|   return 0;
| }
configure:7449: result: yes
configure:7462: checking for int32_t
configure:7493: gcc -std=gnu99 -c -O3 -fomit-frame-pointer -malign-double -fstrict-aliasing  conftest.c >&5
configure:7500: $? = 0
configure:7529: gcc -std=gnu99 -c -O3 -fomit-frame-pointer -malign-double -fstrict-aliasing  conftest.c >&5
conftest.c: In function 'main':
conftest.c:71:53: warning: integer overflow in expression [-Woverflow]
    < (int32_t) ((((int32_t) 1 << (32 - 2)) - 1) * 2 + 2))];
                                                     ^
conftest.c:70:12: error: storage size of 'test_array' isn't constant
 static int test_array [1 - 2 * !((int32_t) ((((int32_t) 1 << (32 - 2)) - 1) * 2 + 1)
            ^
configure:7536: $? = 1
configure: failed program was:
| /* confdefs.h.  */
| #define PACKAGE_NAME "Infernal"
| #define PACKAGE_TARNAME "infernal"
| #define PACKAGE_VERSION "1.0.2"
| #define PACKAGE_STRING "Infernal 1.0.2"
| #define PACKAGE_BUGREPORT "eddys@janelia.hhmi.org"
| #define PACKAGE_DATE "October 2009"
| #define PACKAGE_COPYRIGHT "Copyright (C) 2009 HHMI Janelia Farm Research Campus"
| #define PACKAGE_LICENSE "Freely distributed under the GNU General Public License (GPLv3)"
| #define PACKAGE_VERSION "1.0.2"
| #define EASEL_DATE "October 2009"
| #define EASEL_COPYRIGHT "Copyright (C) 2009 HHMI Janelia Farm Research Campus"
| #define EASEL_LICENSE "Freely distributed under the Janelia Software License."
| #define EASEL_VERSION "i1.0.2"
| #define eslLIBRARY 1
| #define cm_DEBUGLEVEL 0
| #define eslDEBUGLEVEL 0
| #define STDC_HEADERS 1
| #define HAVE_SYS_TYPES_H 1
| #define HAVE_SYS_STAT_H 1
| #define HAVE_STDLIB_H 1
| #define HAVE_STRING_H 1
| #define HAVE_MEMORY_H 1
| #define HAVE_STRINGS_H 1
| #define HAVE_INTTYPES_H 1
| #define HAVE_STDINT_H 1
| #define HAVE_UNISTD_H 1
| #define HAVE_SSE2 1
| #define HAVE_SYS_TYPES_H 1
| #define HAVE_UNISTD_H 1
| #define HAVE_STDINT_H 1
| #define HAVE_INTTYPES_H 1
| /* end confdefs.h.  */
| #include <stdio.h>
| #ifdef HAVE_SYS_TYPES_H
| # include <sys/types.h>
| #endif
| #ifdef HAVE_SYS_STAT_H
| # include <sys/stat.h>
| #endif
| #ifdef STDC_HEADERS
| # include <stdlib.h>
| # include <stddef.h>
| #else
| # ifdef HAVE_STDLIB_H
| #  include <stdlib.h>
| # endif
| #endif
| #ifdef HAVE_STRING_H
| # if !defined STDC_HEADERS && defined HAVE_MEMORY_H
| #  include <memory.h>
| # endif
| # include <string.h>
| #endif
| #ifdef HAVE_STRINGS_H
| # include <strings.h>
| #endif
| #ifdef HAVE_INTTYPES_H
| # include <inttypes.h>
| #endif
| #ifdef HAVE_STDINT_H
| # include <stdint.h>
| #endif
| #ifdef HAVE_UNISTD_H
| # include <unistd.h>
| #endif
| int
| main ()
| {
| static int test_array [1 - 2 * !((int32_t) ((((int32_t) 1 << (32 - 2)) - 1) * 2 + 1)
| 		 < (int32_t) ((((int32_t) 1 << (32 - 2)) - 1) * 2 + 2))];
| test_array [0] = 0
| 
|   ;
|   return 0;
| }
configure:7565: result: yes
configure:7578: checking for int64_t
configure:7609: gcc -std=gnu99 -c -O3 -fomit-frame-pointer -malign-double -fstrict-aliasing  conftest.c >&5
configure:7616: $? = 0
configure:7645: gcc -std=gnu99 -c -O3 -fomit-frame-pointer -malign-double -fstrict-aliasing  conftest.c >&5
conftest.c: In function 'main':
conftest.c:71:53: warning: integer overflow in expression [-Woverflow]
    < (int64_t) ((((int64_t) 1 << (64 - 2)) - 1) * 2 + 2))];
                                                     ^
conftest.c:70:12: error: storage size of 'test_array' isn't constant
 static int test_array [1 - 2 * !((int64_t) ((((int64_t) 1 << (64 - 2)) - 1) * 2 + 1)
            ^
configure:7652: $? = 1
configure: failed program was:
| /* confdefs.h.  */
| #define PACKAGE_NAME "Infernal"
| #define PACKAGE_TARNAME "infernal"
| #define PACKAGE_VERSION "1.0.2"
| #define PACKAGE_STRING "Infernal 1.0.2"
| #define PACKAGE_BUGREPORT "eddys@janelia.hhmi.org"
| #define PACKAGE_DATE "October 2009"
| #define PACKAGE_COPYRIGHT "Copyright (C) 2009 HHMI Janelia Farm Research Campus"
| #define PACKAGE_LICENSE "Freely distributed under the GNU General Public License (GPLv3)"
| #define PACKAGE_VERSION "1.0.2"
| #define EASEL_DATE "October 2009"
| #define EASEL_COPYRIGHT "Copyright (C) 2009 HHMI Janelia Farm Research Campus"
| #define EASEL_LICENSE "Freely distributed under the Janelia Software License."
| #define EASEL_VERSION "i1.0.2"
| #define eslLIBRARY 1
| #define cm_DEBUGLEVEL 0
| #define eslDEBUGLEVEL 0
| #define STDC_HEADERS 1
| #define HAVE_SYS_TYPES_H 1
| #define HAVE_SYS_STAT_H 1
| #define HAVE_STDLIB_H 1
| #define HAVE_STRING_H 1
| #define HAVE_MEMORY_H 1
| #define HAVE_STRINGS_H 1
| #define HAVE_INTTYPES_H 1
| #define HAVE_STDINT_H 1
| #define HAVE_UNISTD_H 1
| #define HAVE_SSE2 1
| #define HAVE_SYS_TYPES_H 1
| #define HAVE_UNISTD_H 1
| #define HAVE_STDINT_H 1
| #define HAVE_INTTYPES_H 1
| /* end confdefs.h.  */
| #include <stdio.h>
| #ifdef HAVE_SYS_TYPES_H
| # include <sys/types.h>
| #endif
| #ifdef HAVE_SYS_STAT_H
| # include <sys/stat.h>
| #endif
| #ifdef STDC_HEADERS
| # include <stdlib.h>
| # include <stddef.h>
| #else
| # ifdef HAVE_STDLIB_H
| #  include <stdlib.h>
| # endif
| #endif
| #ifdef HAVE_STRING_H
| # if !defined STDC_HEADERS && defined HAVE_MEMORY_H
| #  include <memory.h>
| # endif
| # include <string.h>
| #endif
| #ifdef HAVE_STRINGS_H
| # include <strings.h>
| #endif
| #ifdef HAVE_INTTYPES_H
| # include <inttypes.h>
| #endif
| #ifdef HAVE_STDINT_H
| # include <stdint.h>
| #endif
| #ifdef HAVE_UNISTD_H
| # include <unistd.h>
| #endif
| int
| main ()
| {
| static int test_array [1 - 2 * !((int64_t) ((((int64_t) 1 << (64 - 2)) - 1) * 2 + 1)
| 		 < (int64_t) ((((int64_t) 1 << (64 - 2)) - 1) * 2 + 2))];
| test_array [0] = 0
| 
|   ;
|   return 0;
| }
configure:7681: result: yes
configure:7694: checking for uint8_t
configure:7725: gcc -std=gnu99 -c -O3 -fomit-frame-pointer -malign-double -fstrict-aliasing  conftest.c >&5
configure:7732: $? = 0
configure:7753: result: yes
configure:7771: checking for uint16_t
configure:7802: gcc -std=gnu99 -c -O3 -fomit-frame-pointer -malign-double -fstrict-aliasing  conftest.c >&5
configure:7809: $? = 0
configure:7830: result: yes
configure:7844: checking for uint32_t
configure:7875: gcc -std=gnu99 -c -O3 -fomit-frame-pointer -malign-double -fstrict-aliasing  conftest.c >&5
configure:7882: $? = 0
configure:7903: result: yes
configure:7921: checking for uint64_t
configure:7952: gcc -std=gnu99 -c -O3 -fomit-frame-pointer -malign-double -fstrict-aliasing  conftest.c >&5
configure:7959: $? = 0
configure:7980: result: yes
configure:7997: checking for off_t
configure:8025: gcc -std=gnu99 -c -O3 -fomit-frame-pointer -malign-double -fstrict-aliasing  conftest.c >&5
configure:8032: $? = 0
configure:8059: gcc -std=gnu99 -c -O3 -fomit-frame-pointer -malign-double -fstrict-aliasing  conftest.c >&5
conftest.c: In function 'main':
conftest.c:70:20: error: expected expression before ')' token
 if (sizeof ((off_t)))
                    ^
configure:8066: $? = 1
configure: failed program was:
| /* confdefs.h.  */
| #define PACKAGE_NAME "Infernal"
| #define PACKAGE_TARNAME "infernal"
| #define PACKAGE_VERSION "1.0.2"
| #define PACKAGE_STRING "Infernal 1.0.2"
| #define PACKAGE_BUGREPORT "eddys@janelia.hhmi.org"
| #define PACKAGE_DATE "October 2009"
| #define PACKAGE_COPYRIGHT "Copyright (C) 2009 HHMI Janelia Farm Research Campus"
| #define PACKAGE_LICENSE "Freely distributed under the GNU General Public License (GPLv3)"
| #define PACKAGE_VERSION "1.0.2"
| #define EASEL_DATE "October 2009"
| #define EASEL_COPYRIGHT "Copyright (C) 2009 HHMI Janelia Farm Research Campus"
| #define EASEL_LICENSE "Freely distributed under the Janelia Software License."
| #define EASEL_VERSION "i1.0.2"
| #define eslLIBRARY 1
| #define cm_DEBUGLEVEL 0
| #define eslDEBUGLEVEL 0
| #define STDC_HEADERS 1
| #define HAVE_SYS_TYPES_H 1
| #define HAVE_SYS_STAT_H 1
| #define HAVE_STDLIB_H 1
| #define HAVE_STRING_H 1
| #define HAVE_MEMORY_H 1
| #define HAVE_STRINGS_H 1
| #define HAVE_INTTYPES_H 1
| #define HAVE_STDINT_H 1
| #define HAVE_UNISTD_H 1
| #define HAVE_SSE2 1
| #define HAVE_SYS_TYPES_H 1
| #define HAVE_UNISTD_H 1
| #define HAVE_STDINT_H 1
| #define HAVE_INTTYPES_H 1
| /* end confdefs.h.  */
| #include <stdio.h>
| #ifdef HAVE_SYS_TYPES_H
| # include <sys/types.h>
| #endif
| #ifdef HAVE_SYS_STAT_H
| # include <sys/stat.h>
| #endif
| #ifdef STDC_HEADERS
| # include <stdlib.h>
| # include <stddef.h>
| #else
| # ifdef HAVE_STDLIB_H
| #  include <stdlib.h>
| # endif
| #endif
| #ifdef HAVE_STRING_H
| # if !defined STDC_HEADERS && defined HAVE_MEMORY_H
| #  include <memory.h>
| # endif
| # include <string.h>
| #endif
| #ifdef HAVE_STRINGS_H
| # include <strings.h>
| #endif
| #ifdef HAVE_INTTYPES_H
| # include <inttypes.h>
| #endif
| #ifdef HAVE_STDINT_H
| # include <stdint.h>
| #endif
| #ifdef HAVE_UNISTD_H
| # include <unistd.h>
| #endif
| int
| main ()
| {
| if (sizeof ((off_t)))
| 	  return 0;
|   ;
|   return 0;
| }
configure:8089: result: yes
configure:8108: checking for mkstemp
configure:8164: gcc -std=gnu99 -o conftest -O3 -fomit-frame-pointer -malign-double -fstrict-aliasing   conftest.c  >&5
configure:8171: $? = 0
configure:8193: result: yes
configure:8209: checking for popen
configure:8265: gcc -std=gnu99 -o conftest -O3 -fomit-frame-pointer -malign-double -fstrict-aliasing   conftest.c  >&5
configure:8272: $? = 0
configure:8294: result: yes
configure:8310: checking for strcasecmp
configure:8366: gcc -std=gnu99 -o conftest -O3 -fomit-frame-pointer -malign-double -fstrict-aliasing   conftest.c  >&5
conftest.c:59:6: warning: conflicting types for built-in function 'strcasecmp' [enabled by default]
 char strcasecmp ();
      ^
configure:8373: $? = 0
configure:8395: result: yes
configure:8411: checking for times
configure:8467: gcc -std=gnu99 -o conftest -O3 -fomit-frame-pointer -malign-double -fstrict-aliasing   conftest.c  >&5
configure:8474: $? = 0
configure:8496: result: yes
configure:8508: checking for _LARGEFILE_SOURCE value needed for large files
configure:8537: gcc -std=gnu99 -o conftest -O3 -fomit-frame-pointer -malign-double -fstrict-aliasing   conftest.c  >&5
configure:8544: $? = 0
configure:8617: result: no
configure:8651: checking for special C compiler options needed for large files
configure:8746: result: no
configure:8752: checking for _FILE_OFFSET_BITS value needed for large files
configure:8787: gcc -std=gnu99 -c -O3 -fomit-frame-pointer -malign-double -fstrict-aliasing  conftest.c >&5
configure:8794: $? = 0
configure:8863: result: no
configure:9138: creating ./config.status

## ---------------------- ##
## Running config.status. ##
## ---------------------- ##

This file was extended by Infernal config.status 1.0.2, which was
generated by GNU Autoconf 2.63.  Invocation command line was

  CONFIG_FILES    = 
  CONFIG_HEADERS  = 
  CONFIG_LINKS    = 
  CONFIG_COMMANDS = 
  $ ./config.status 

on brownlabserver1.otago.ac.nz

config.status:777: creating src/Makefile
config.status:777: creating testsuite/Makefile
config.status:777: creating easel/miniapps/Makefile
config.status:777: creating easel/testsuite/Makefile
config.status:777: creating easel/Makefile
config.status:777: creating Makefile
config.status:777: creating src/config.h
config.status:777: creating easel/esl_config.h

## ---------------- ##
## Cache variables. ##
## ---------------- ##

ac_cv_build=x86_64-unknown-linux-gnu
ac_cv_c_bigendian=no
ac_cv_c_compiler_gnu=yes
ac_cv_c_int16_t=yes
ac_cv_c_int32_t=yes
ac_cv_c_int64_t=yes
ac_cv_c_int8_t=yes
ac_cv_c_uint16_t=yes
ac_cv_c_uint32_t=yes
ac_cv_c_uint64_t=yes
ac_cv_c_uint8_t=yes
ac_cv_env_CC_set=
ac_cv_env_CC_value=
ac_cv_env_CFLAGS_set=
ac_cv_env_CFLAGS_value=
ac_cv_env_CPPFLAGS_set=
ac_cv_env_CPPFLAGS_value=
ac_cv_env_CPP_set=
ac_cv_env_CPP_value=
ac_cv_env_LDFLAGS_set=
ac_cv_env_LDFLAGS_value=
ac_cv_env_LIBS_set=
ac_cv_env_LIBS_value=
ac_cv_env_MPICC_set=
ac_cv_env_MPICC_value=
ac_cv_env_build_alias_set=
ac_cv_env_build_alias_value=
ac_cv_env_host_alias_set=
ac_cv_env_host_alias_value=
ac_cv_env_target_alias_set=
ac_cv_env_target_alias_value=
ac_cv_func_mkstemp=yes
ac_cv_func_popen=yes
ac_cv_func_strcasecmp=yes
ac_cv_func_times=yes
ac_cv_header_emmintrin_h=yes
ac_cv_header_inttypes_h=yes
ac_cv_header_memory_h=yes
ac_cv_header_stdc=yes
ac_cv_header_stdint_h=yes
ac_cv_header_stdlib_h=yes
ac_cv_header_string_h=yes
ac_cv_header_strings_h=yes
ac_cv_header_sys_stat_h=yes
ac_cv_header_sys_types_h=yes
ac_cv_header_unistd_h=yes
ac_cv_host=x86_64-unknown-linux-gnu
ac_cv_objext=o
ac_cv_path_AR=/usr/local/bin/ar
ac_cv_path_EGREP='/usr/local/bin/grep -E'
ac_cv_path_GREP=/usr/local/bin/grep
ac_cv_prog_CPP='gcc -E'
ac_cv_prog_ac_ct_CC=gcc
ac_cv_prog_ac_ct_RANLIB=ranlib
ac_cv_prog_cc_c89=
ac_cv_prog_cc_c99=-std=gnu99
ac_cv_prog_cc_g=yes
ac_cv_prog_cc_stdc=-std=gnu99
ac_cv_sys_file_offset_bits=no
ac_cv_sys_largefile_CC=no
ac_cv_sys_largefile_source=no
ac_cv_type_off_t=yes
ax_cv_c_compiler_vendor=gnu
ax_cv_c_flags__O3__fomit_frame_pointer__malign_double__fstrict_aliasing=yes
ax_cv_c_flags__fstrict_aliasing=yes
ax_cv_c_flags__malign_double=yes
ax_cv_c_flags__march_pentiumpro=no
ax_cv_c_flags__mcpu_pentiumpro=no
ax_cv_c_flags__mpentiumpro=no
ax_cv_c_flags__msse2=yes
ax_cv_gcc_archflag=unknown
ax_cv_gcc_x86_cpuid_0=f:756e6547:6c65746e:49656e69
ax_cv_gcc_x86_cpuid_1=306f2:12100800:7ffefbff:bfebfbff

## ----------------- ##
## Output variables. ##
## ----------------- ##

AR='/usr/local/bin/ar'
CC='gcc -std=gnu99'
CFLAGS='-O3 -fomit-frame-pointer -malign-double -fstrict-aliasing'
CPP='gcc -E'
CPPFLAGS=''
DEFS='-DHAVE_CONFIG_H'
EASEL_COPYRIGHT='Copyright (C) 2009 HHMI Janelia Farm Research Campus'
EASEL_DATE='October 2009'
EASEL_LICENSE='Freely distributed under the Janelia Software License.'
EASEL_LICENSETAG='jsl'
EASEL_RELCODE=''
EASEL_URL='http://bioeasel.org/'
EASEL_VERSION='i1.0.2'
ECHO_C=''
ECHO_N='-n'
ECHO_T=''
EGREP='/usr/local/bin/grep -E'
EXEC_DEPENDENCY='%: %.o'
EXEEXT=''
GREP='/usr/local/bin/grep'
LDFLAGS=''
LIBGSL=''
LIBOBJS=''
LIBS=''
LTLIBOBJS=''
MPICC=''
MPILIBS=''
OBJEXT='o'
PACKAGE_BUGREPORT='eddys@janelia.hhmi.org'
PACKAGE_COPYRIGHT='Copyright (C) 2009 HHMI Janelia Farm Research Campus'
PACKAGE_DATE='October 2009'
PACKAGE_LICENSE='Freely distributed under the GNU General Public License (GPLv3)'
PACKAGE_LICENSETAG='gnu'
PACKAGE_NAME='Infernal'
PACKAGE_RELCODE=''
PACKAGE_STRING='Infernal 1.0.2'
PACKAGE_TARNAME='infernal'
PACKAGE_URL='http://infernal.janelia.org/'
PACKAGE_VERSION='1.0.2'
PATH_SEPARATOR=':'
PRTDIAG=''
RANLIB='ranlib'
SHELL='/bin/sh'
SIMD_CFLAGS='-msse2'
ac_ct_CC='gcc'
bindir='${exec_prefix}/bin'
build='x86_64-unknown-linux-gnu'
build_alias=''
build_cpu='x86_64'
build_os='linux-gnu'
build_vendor='unknown'
datadir='${datarootdir}'
datarootdir='${prefix}/share'
docdir='${datarootdir}/doc/${PACKAGE_TARNAME}'
dvidir='${docdir}'
exec_prefix='${prefix}'
host='x86_64-unknown-linux-gnu'
host_alias=''
host_cpu='x86_64'
host_os='linux-gnu'
host_vendor='unknown'
htmldir='${docdir}'
includedir='${prefix}/include'
infodir='${datarootdir}/info'
libdir='${exec_prefix}/lib'
libexecdir='${exec_prefix}/libexec'
localedir='${datarootdir}/locale'
localstatedir='${prefix}/var'
mandir='${datarootdir}/man'
oldincludedir='/usr/include'
pdfdir='${docdir}'
prefix='/usr/local'
program_transform_name='s,x,x,'
psdir='${docdir}'
sbindir='${exec_prefix}/sbin'
sharedstatedir='${prefix}/com'
sysconfdir='${prefix}/etc'
target_alias=''

## ----------- ##
## confdefs.h. ##
## ----------- ##

#define PACKAGE_NAME "Infernal"
#define PACKAGE_TARNAME "infernal"
#define PACKAGE_VERSION "1.0.2"
#define PACKAGE_STRING "Infernal 1.0.2"
#define PACKAGE_BUGREPORT "eddys@janelia.hhmi.org"
#define PACKAGE_DATE "October 2009"
#define PACKAGE_COPYRIGHT "Copyright (C) 2009 HHMI Janelia Farm Research Campus"
#define PACKAGE_LICENSE "Freely distributed under the GNU General Public License (GPLv3)"
#define PACKAGE_VERSION "1.0.2"
#define EASEL_DATE "October 2009"
#define EASEL_COPYRIGHT "Copyright (C) 2009 HHMI Janelia Farm Research Campus"
#define EASEL_LICENSE "Freely distributed under the Janelia Software License."
#define EASEL_VERSION "i1.0.2"
#define eslLIBRARY 1
#define cm_DEBUGLEVEL 0
#define eslDEBUGLEVEL 0
#define STDC_HEADERS 1
#define HAVE_SYS_TYPES_H 1
#define HAVE_SYS_STAT_H 1
#define HAVE_STDLIB_H 1
#define HAVE_STRING_H 1
#define HAVE_MEMORY_H 1
#define HAVE_STRINGS_H 1
#define HAVE_INTTYPES_H 1
#define HAVE_STDINT_H 1
#define HAVE_UNISTD_H 1
#define HAVE_SSE2 1
#define HAVE_SYS_TYPES_H 1
#define HAVE_UNISTD_H 1
#define HAVE_STDINT_H 1
#define HAVE_INTTYPES_H 1
#define HAVE_MKSTEMP 1
#define HAVE_POPEN 1
#define HAVE_STRCASECMP 1
#define HAVE_TIMES 1
#define HAVE_FSEEKO 1

configure: exit 0
